;  LST file generated by mikroListExporter - v.2.0 
; Date/Time: 14-May-25 12:22:29 PM
;----------------------------------------------

;Address Opcode 	ASM
0x0000	0x0000000407B8  	GOTO	_main
0x0004	0x000000  	0
0x0006	0x000000  	0
0x0008	0x000000  	0
0x000A	0x000000  	0
0x000C	0x000000  	0
0x000E	0x000000  	0
0x0010	0x000000  	0
0x0012	0x000000  	0
0x0014	0x000000  	0
0x0016	0x000000  	0
0x0018	0x000000  	0
0x001A	0x000000  	0
0x001C	0x000000  	0
0x001E	0x000000  	0
0x0020	0x000000  	0
0x0022	0x000000  	0
0x0024	0x000000  	0
0x0026	0x000000  	0
0x0028	0x000000  	0
0x002A	0x000000  	0
0x002C	0x000000  	0
0x002E	0x000000  	0
0x0030	0x000000  	0
0x0032	0x000000  	0
0x0034	0x000000  	0
0x0036	0x000000  	0
0x0038	0x000000  	0
0x003A	0x000000  	0
0x003C	0x000000  	0
0x003E	0x000000  	0
0x0040	0x000000  	0
0x0042	0x000000  	0
0x0044	0x000000  	0
0x0046	0x000000  	0
0x0048	0x000000  	0
0x004A	0x000000  	0
0x004C	0x000000  	0
0x004E	0x000000  	0
0x0050	0x000000  	0
0x0052	0x000000  	0
0x0054	0x000000  	0
0x0056	0x000000  	0
0x0058	0x000000  	0
0x005A	0x000000  	0
0x005C	0x000000  	0
0x005E	0x000000  	0
0x0060	0x000000  	0
0x0062	0x000000  	0
0x0064	0x000000  	0
0x0066	0x000000  	0
0x0068	0x000000  	0
0x006A	0x000000  	0
0x006C	0x000000  	0
0x006E	0x000000  	0
0x0070	0x000000  	0
0x0072	0x000000  	0
0x0074	0x000000  	0
0x0076	0x000000  	0
0x0078	0x000000  	0
0x007A	0x000000  	0
0x007C	0x000000  	0
0x007E	0x000000  	0
0x0080	0x000000  	0
0x0082	0x000000  	0
0x0084	0x000000  	0
0x0086	0x000000  	0
0x0088	0x000000  	0
0x008A	0x000000  	0
0x008C	0x000000  	0
0x008E	0x000000  	0
0x0090	0x000000  	0
0x0092	0x000000  	0
0x0094	0x000000  	0
0x0096	0x000000  	0
0x0098	0x000000  	0
0x009A	0x000000  	0
0x009C	0x000000  	0
0x009E	0x000000  	0
0x00A0	0x000000  	0
0x00A2	0x000000  	0
0x00A4	0x000000  	0
0x00A6	0x000000  	0
0x00A8	0x000000  	0
0x00AA	0x000000  	0
0x00AC	0x000000  	0
0x00AE	0x000000  	0
0x00B0	0x000000  	0
0x00B2	0x000000  	0
0x00B4	0x000000  	0
0x00B6	0x000000  	0
0x00B8	0x000000  	0
0x00BA	0x000000  	0
0x00BC	0x000000  	0
0x00BE	0x000000  	0
0x00C0	0x000000  	0
0x00C2	0x000000  	0
0x00C4	0x000000  	0
0x00C6	0x000000  	0
0x00C8	0x000000  	0
0x00CA	0x000000  	0
0x00CC	0x000000  	0
0x00CE	0x000000  	0
0x00D0	0x000000  	0
0x00D2	0x000000  	0
0x00D4	0x000000  	0
0x00D6	0x000000  	0
0x00D8	0x000000  	0
0x00DA	0x000000  	0
0x00DC	0x000000  	0
0x00DE	0x000000  	0
0x00E0	0x000000  	0
0x00E2	0x000000  	0
0x00E4	0x000000  	0
0x00E6	0x000000  	0
0x00E8	0x000000  	0
0x00EA	0x000000  	0
0x00EC	0x000000  	0
0x00EE	0x000000  	0
0x00F0	0x000000  	0
0x00F2	0x000000  	0
0x00F4	0x000000  	0
0x00F6	0x000000  	0
0x00F8	0x000000  	0
0x00FA	0x000000  	0
0x00FC	0x000000  	0
0x00FE	0x000000  	0
_main:
0x07B8	0x20818F  	MOV	#2072, W15
0x07BA	0x20FFF0  	MOV	#4095, W0
0x07BC	0xB7A020  	MOV	WREG, SPLIM
0x07BE	0x200000  	MOV	#0, W0
0x07C0	0xB7A034  	MOV	WREG, PSVPAG
0x07C2	0x200040  	MOV	#4, W0
0x07C4	0xB72044  	IOR	CORCON
0x07C6	0x0000000208A0  	CALL	2208
;First_ECU.c,54 :: 		void main() {
;First_ECU.c,55 :: 		Lcd_Init();                        // Initialize LCD
0x07CA	0x781F8A  	PUSH	W10
0x07CC	0x781F8B  	PUSH	W11
0x07CE	0x781F8C  	PUSH	W12
0x07D0	0x781F8D  	PUSH	W13
0x07D2	0x07FE9B  	RCALL	_Lcd_Init
;First_ECU.c,56 :: 		Lcd_Cmd(_LCD_CURSOR_OFF);          // Cursor off
0x07D4	0xB3C0CA  	MOV.B	#12, W10
0x07D6	0x07FEFB  	RCALL	_Lcd_Cmd
;First_ECU.c,58 :: 		ADPCFG = 0xFFFF;
0x07D8	0x2FFFF0  	MOV	#65535, W0
0x07DA	0xB7A2A8  	MOV	WREG, ADPCFG
;First_ECU.c,59 :: 		PORTB = 0;
0x07DC	0xEF22C8  	CLR	PORTB
;First_ECU.c,60 :: 		TRISB = 0;
0x07DE	0xEF22C6  	CLR	TRISB
;First_ECU.c,62 :: 		Can_Init_Flags = 0;                             //
0x07E0	0xEF2000  	CLR	W0
0x07E2	0x884010  	MOV	W0, _Can_Init_Flags
;First_ECU.c,63 :: 		Can_Send_Flags = 0;                             // clear flags
0x07E4	0xEF2000  	CLR	W0
0x07E6	0x884070  	MOV	W0, _Can_Send_Flags
;First_ECU.c,64 :: 		Can_Rcv_Flags  = 0;                             //
0x07E8	0xEF2000  	CLR	W0
0x07EA	0x884060  	MOV	W0, _Can_Rcv_Flags
;First_ECU.c,68 :: 		_CAN_TX_NO_RTR_FRAME;
0x07EC	0x200F40  	MOV	#244, W0
0x07EE	0x884070  	MOV	W0, _Can_Send_Flags
;First_ECU.c,75 :: 		_CAN_CONFIG_LINE_FILTER_OFF;
0x07F0	0x200F10  	MOV	#241, W0
0x07F2	0x884010  	MOV	W0, _Can_Init_Flags
;First_ECU.c,77 :: 		RxTx_Data[0] = 9;                               // set initial data to be sent
0x07F4	0x208041  	MOV	#lo_addr(_RxTx_Data), W1
0x07F6	0xB3C090  	MOV.B	#9, W0
0x07F8	0x784880  	MOV.B	W0, [W1]
;First_ECU.c,78 :: 		CAN1Initialize(1,3,3,3,1,Can_Init_Flags);       // initialize CAN1
0x07FA	0x20003D  	MOV	#3, W13
0x07FC	0x20003C  	MOV	#3, W12
0x07FE	0x20003B  	MOV	#3, W11
0x0800	0x20001A  	MOV	#1, W10
0x0802	0x200F10  	MOV	#241, W0
0x0804	0x781F80  	PUSH	W0
0x0806	0x200010  	MOV	#1, W0
0x0808	0x781F80  	PUSH	W0
0x080A	0x07FF17  	RCALL	_CAN1Initialize
0x080C	0xB1004F  	SUB	#4, W15
;First_ECU.c,80 :: 		CAN1SetOperationMode(_CAN_MODE_CONFIG,0xFF);    // set CONFIGURATION mode
0x080E	0x200FFB  	MOV	#255, W11
0x0810	0x20004A  	MOV	#4, W10
0x0812	0x07FD70  	RCALL	_CAN1SetOperationMode
;First_ECU.c,82 :: 		CAN1SetMask(_CAN_MASK_B1,-1,_CAN_CONFIG_MATCH_MSG_TYPE & _CAN_CONFIG_XTD_MSG);   // set all mask1 bits to ones
0x0814	0x200F7D  	MOV	#247, W13
0x0816	0x2FFFFB  	MOV	#65535, W11
0x0818	0x2FFFFC  	MOV	#65535, W12
0x081A	0xEF2014  	CLR	W10
0x081C	0x07FD0A  	RCALL	_CAN1SetMask
;First_ECU.c,83 :: 		CAN1SetMask(_CAN_MASK_B2,-1,_CAN_CONFIG_MATCH_MSG_TYPE & _CAN_CONFIG_XTD_MSG);   // set all mask2 bits to ones
0x081E	0x200F7D  	MOV	#247, W13
0x0820	0x2FFFFB  	MOV	#65535, W11
0x0822	0x2FFFFC  	MOV	#65535, W12
0x0824	0x20001A  	MOV	#1, W10
0x0826	0x07FD05  	RCALL	_CAN1SetMask
;First_ECU.c,84 :: 		CAN1SetFilter(_CAN_FILTER_B2_F3,ID_2nd,_CAN_CONFIG_XTD_MSG);                     // set id of filter B1_F1 to 2nd node ID
0x0828	0x200F7D  	MOV	#247, W13
0x082A	0x20003B  	MOV	#3, W11
0x082C	0x20000C  	MOV	#0, W12
0x082E	0x20004A  	MOV	#4, W10
0x0830	0x07FD88  	RCALL	_CAN1SetFilter
;First_ECU.c,86 :: 		CAN1SetOperationMode(_CAN_MODE_NORMAL,0xFF);                                     // set NORMAL mode
0x0832	0x200FFB  	MOV	#255, W11
0x0834	0xEF2014  	CLR	W10
0x0836	0x07FD5E  	RCALL	_CAN1SetOperationMode
;First_ECU.c,88 :: 		CAN1Write(ID_1st, RxTx_Data, 1, Can_Send_Flags);                                 // send initial message
0x0838	0x20001D  	MOV	#1, W13
0x083A	0x20804C  	MOV	#lo_addr(_RxTx_Data), W12
0x083C	0x22F4FA  	MOV	#12111, W10
0x083E	0x20000B  	MOV	#0, W11
0x0840	0xF8080E  	PUSH	_Can_Send_Flags
0x0842	0x07FF6B  	RCALL	_CAN1Write
0x0844	0xB1002F  	SUB	#2, W15
;First_ECU.c,90 :: 		while(1) {
L_main0:
;First_ECU.c,91 :: 		Lcd_Cmd(_LCD_CLEAR);                                                           // endless loop
0x0846	0xB3C01A  	MOV.B	#1, W10
0x0848	0x07FEC2  	RCALL	_Lcd_Cmd
;First_ECU.c,92 :: 		Msg_Rcvd = CAN1Read(&Rx_ID , RxTx_Data , &Rx_Data_Len, &Can_Rcv_Flags);        // receive message
0x084A	0x2080CD  	MOV	#lo_addr(_Can_Rcv_Flags), W13
0x084C	0x20812C  	MOV	#lo_addr(_Rx_Data_Len), W12
0x084E	0x20804B  	MOV	#lo_addr(_RxTx_Data), W11
0x0850	0x20814A  	MOV	#lo_addr(_Rx_ID), W10
0x0852	0x07FDF6  	RCALL	_CAN1Read
0x0854	0x208101  	MOV	#lo_addr(_Msg_Rcvd), W1
0x0856	0x784880  	MOV.B	W0, [W1]
;First_ECU.c,93 :: 		if ((Rx_ID == ID_2nd) && Msg_Rcvd) {
0x0858	0x8040A0  	MOV	_Rx_ID, W0
0x085A	0x8040B1  	MOV	_Rx_ID+2, W1
0x085C	0xE10063  	CP	W0, #3
0x085E	0xE18860  	CPB	W1, #0
0x0860	0x3A0019  	BRA NZ	L__main9
L__main11:
0x0862	0x208100  	MOV	#lo_addr(_Msg_Rcvd), W0
0x0864	0xE00410  	CP0.B	[W0]
0x0866	0x320016  	BRA Z	L__main8
L__main12:
L__main7:
;First_ECU.c,94 :: 		Lcd_Out(1,1,RxTx_Data[0]);                                                   // if message received check id
0x0868	0x208040  	MOV	#lo_addr(_RxTx_Data), W0
0x086A	0xFB8610  	ZE	[W0], W12
0x086C	0x20001B  	MOV	#1, W11
0x086E	0x20001A  	MOV	#1, W10
0x0870	0x07FE81  	RCALL	_Lcd_Out
;First_ECU.c,95 :: 		RxTx_Data[0]++;
0x0872	0xB3C011  	MOV.B	#1, W1
0x0874	0x208040  	MOV	#lo_addr(_RxTx_Data), W0
0x0876	0x40C810  	ADD.B	W1, [W0], [W0]
;First_ECU.c,96 :: 		Delay_ms(250);
0x0878	0x200048  	MOV	#4, W8
0x087A	0x22DCD7  	MOV	#11725, W7
L_main5:
0x087C	0xED200E  	DEC	W7
0x087E	0x3AFFFE  	BRA NZ	L_main5
0x0880	0xED2010  	DEC	W8
0x0882	0x3AFFFC  	BRA NZ	L_main5
0x0884	0x000000  	NOP
;First_ECU.c,97 :: 		CAN1Write(ID_1st, RxTx_Data, 1, Can_Send_Flags);                             // send incremented data back
0x0886	0x20001D  	MOV	#1, W13
0x0888	0x20804C  	MOV	#lo_addr(_RxTx_Data), W12
0x088A	0x22F4FA  	MOV	#12111, W10
0x088C	0x20000B  	MOV	#0, W11
0x088E	0xF8080E  	PUSH	_Can_Send_Flags
0x0890	0x07FF44  	RCALL	_CAN1Write
0x0892	0xB1002F  	SUB	#2, W15
;First_ECU.c,93 :: 		if ((Rx_ID == ID_2nd) && Msg_Rcvd) {
L__main9:
L__main8:
;First_ECU.c,99 :: 		}
0x0894	0x37FFD8  	BRA	L_main0
;First_ECU.c,100 :: 		}
L_end_main:
0x0896	0x7806CF  	POP	W13
0x0898	0x78064F  	POP	W12
0x089A	0x7805CF  	POP	W11
0x089C	0x78054F  	POP	W10
L__main_end_loop:
0x089E	0x37FFFF  	BRA	L__main_end_loop
; end of _main
_Lcd_Init:
0x050A	0xFA0000  	LNK	#0
;__Lib_Lcd.c,105 :: 		
;__Lib_Lcd.c,107 :: 		
0x050C	0x07FF8D  	RCALL	_Delay_8ms
0x050E	0x07FF8C  	RCALL	_Delay_8ms
;__Lib_Lcd.c,109 :: 		
0x0510	0xA922D2  	BCLR	LCD_EN_Direction, BitPos(LCD_EN_Direction+0)
;__Lib_Lcd.c,110 :: 		
0x0512	0xA902D2  	BCLR	LCD_RS_Direction, BitPos(LCD_RS_Direction+0)
;__Lib_Lcd.c,111 :: 		
0x0514	0xA902C6  	BCLR	LCD_D4_Direction, BitPos(LCD_D4_Direction+0)
;__Lib_Lcd.c,112 :: 		
0x0516	0xA922C6  	BCLR	LCD_D5_Direction, BitPos(LCD_D5_Direction+0)
;__Lib_Lcd.c,113 :: 		
0x0518	0xA942C6  	BCLR	LCD_D6_Direction, BitPos(LCD_D6_Direction+0)
;__Lib_Lcd.c,114 :: 		
0x051A	0xA962C6  	BCLR	LCD_D7_Direction, BitPos(LCD_D7_Direction+0)
;__Lib_Lcd.c,116 :: 		
0x051C	0xA922D6  	BCLR	LCD_EN, BitPos(LCD_EN+0)
;__Lib_Lcd.c,117 :: 		
0x051E	0xA902D6  	BCLR	LCD_RS, BitPos(LCD_RS+0)
;__Lib_Lcd.c,118 :: 		
0x0520	0xA962CA  	BCLR	LCD_D7, BitPos(LCD_D7+0)
;__Lib_Lcd.c,119 :: 		
0x0522	0xA942CA  	BCLR	LCD_D6, BitPos(LCD_D6+0)
;__Lib_Lcd.c,120 :: 		
0x0524	0xA922CA  	BCLR	LCD_D5, BitPos(LCD_D5+0)
;__Lib_Lcd.c,121 :: 		
0x0526	0xA902CA  	BCLR	LCD_D4, BitPos(LCD_D4+0)
;__Lib_Lcd.c,130 :: 		
0x0528	0xA822CA  	BSET	LCD_D5, BitPos(LCD_D5+0)
;__Lib_Lcd.c,131 :: 		
0x052A	0xA802CA  	BSET	LCD_D4, BitPos(LCD_D4+0)
;__Lib_Lcd.c,132 :: 		
0x052C	0x07FF76  	RCALL	__Lib_Lcd_Strobe
;__Lib_Lcd.c,133 :: 		
0x052E	0x07FF70  	RCALL	_Delay_5500us
;__Lib_Lcd.c,136 :: 		
0x0530	0x07FF74  	RCALL	__Lib_Lcd_Strobe
;__Lib_Lcd.c,137 :: 		
0x0532	0x07FF6E  	RCALL	_Delay_5500us
;__Lib_Lcd.c,140 :: 		
0x0534	0x07FF72  	RCALL	__Lib_Lcd_Strobe
;__Lib_Lcd.c,141 :: 		
0x0536	0x07FF6C  	RCALL	_Delay_5500us
;__Lib_Lcd.c,144 :: 		
0x0538	0xA902CA  	BCLR	LCD_D4, BitPos(LCD_D4+0)
;__Lib_Lcd.c,145 :: 		
0x053A	0x07FF6F  	RCALL	__Lib_Lcd_Strobe
;__Lib_Lcd.c,146 :: 		
0x053C	0x07FF69  	RCALL	_Delay_5500us
;__Lib_Lcd.c,149 :: 		
0x053E	0x07FF6D  	RCALL	__Lib_Lcd_Strobe
;__Lib_Lcd.c,151 :: 		
0x0540	0xA922CA  	BCLR	LCD_D5, BitPos(LCD_D5+0)
;__Lib_Lcd.c,152 :: 		
0x0542	0xA862CA  	BSET	LCD_D7, BitPos(LCD_D7+0)
;__Lib_Lcd.c,153 :: 		
0x0544	0x07FF6A  	RCALL	__Lib_Lcd_Strobe
;__Lib_Lcd.c,154 :: 		
0x0546	0x07FF64  	RCALL	_Delay_5500us
;__Lib_Lcd.c,157 :: 		
0x0548	0xA962CA  	BCLR	LCD_D7, BitPos(LCD_D7+0)
;__Lib_Lcd.c,158 :: 		
0x054A	0xA802CA  	BSET	LCD_D4, BitPos(LCD_D4+0)
;__Lib_Lcd.c,159 :: 		
0x054C	0x07FF66  	RCALL	__Lib_Lcd_Strobe
;__Lib_Lcd.c,161 :: 		
0x054E	0xA902CA  	BCLR	LCD_D4, BitPos(LCD_D4+0)
;__Lib_Lcd.c,162 :: 		
0x0550	0x07FF64  	RCALL	__Lib_Lcd_Strobe
;__Lib_Lcd.c,163 :: 		
0x0552	0x07FF5E  	RCALL	_Delay_5500us
;__Lib_Lcd.c,166 :: 		
0x0554	0x07FF62  	RCALL	__Lib_Lcd_Strobe
;__Lib_Lcd.c,168 :: 		
0x0556	0xA802CA  	BSET	LCD_D4, BitPos(LCD_D4+0)
;__Lib_Lcd.c,169 :: 		
0x0558	0x07FF60  	RCALL	__Lib_Lcd_Strobe
;__Lib_Lcd.c,170 :: 		
0x055A	0x07FF5A  	RCALL	_Delay_5500us
;__Lib_Lcd.c,173 :: 		
0x055C	0xA902CA  	BCLR	LCD_D4, BitPos(LCD_D4+0)
;__Lib_Lcd.c,174 :: 		
0x055E	0x07FF5D  	RCALL	__Lib_Lcd_Strobe
;__Lib_Lcd.c,176 :: 		
0x0560	0xA862CA  	BSET	LCD_D7, BitPos(LCD_D7+0)
;__Lib_Lcd.c,177 :: 		
0x0562	0xA842CA  	BSET	LCD_D6, BitPos(LCD_D6+0)
;__Lib_Lcd.c,178 :: 		
0x0564	0xA822CA  	BSET	LCD_D5, BitPos(LCD_D5+0)
;__Lib_Lcd.c,179 :: 		
0x0566	0xA802CA  	BSET	LCD_D4, BitPos(LCD_D4+0)
;__Lib_Lcd.c,180 :: 		
0x0568	0x07FF58  	RCALL	__Lib_Lcd_Strobe
;__Lib_Lcd.c,181 :: 		
0x056A	0x07FF52  	RCALL	_Delay_5500us
;__Lib_Lcd.c,183 :: 		
0x056C	0x208000  	MOV	#lo_addr(__Lib_Lcd_cmd_status), W0
0x056E	0xA00010  	BSET	[W0], BitPos(__Lib_Lcd_cmd_status+0)
;__Lib_Lcd.c,184 :: 		
L_end_Lcd_Init:
0x0570	0xFA8000  	ULNK
0x0572	0x060000  	RETURN
; end of _Lcd_Init
_Delay_8ms:
;__Lib_Delays.c,614 :: 		void Delay_8ms()
;__Lib_Delays.c,616 :: 		Delay_ms(8);
0x0428	0x21A0A7  	MOV	#6666, W7
L_Delay_8ms27:
0x042A	0xED200E  	DEC	W7
0x042C	0x3AFFFE  	BRA NZ	L_Delay_8ms27
0x042E	0x000000  	NOP
0x0430	0x000000  	NOP
;__Lib_Delays.c,617 :: 		}
L_end_Delay_8ms:
0x0432	0x060000  	RETURN
; end of _Delay_8ms
__Lib_Lcd_Strobe:
0x041A	0xFA0000  	LNK	#0
;__Lib_Lcd.c,26 :: 		
;__Lib_Lcd.c,27 :: 		
0x041C	0xA822D6  	BSET	LCD_EN, BitPos(LCD_EN+0)
;__Lib_Lcd.c,28 :: 		
0x041E	0x07FF06  	RCALL	_Delay_1us
;__Lib_Lcd.c,29 :: 		
0x0420	0xA922D6  	BCLR	LCD_EN, BitPos(LCD_EN+0)
;__Lib_Lcd.c,30 :: 		
0x0422	0x07FF04  	RCALL	_Delay_1us
;__Lib_Lcd.c,31 :: 		
L_end_Strobe:
0x0424	0xFA8000  	ULNK
0x0426	0x060000  	RETURN
; end of __Lib_Lcd_Strobe
_Delay_1us:
;__Lib_Delays.c,380 :: 		void Delay_1us()
;__Lib_Delays.c,382 :: 		Delay_us(1);
0x022C	0x000000  	NOP
0x022E	0x000000  	NOP
;__Lib_Delays.c,383 :: 		}
L_end_Delay_1us:
0x0230	0x060000  	RETURN
; end of _Delay_1us
_Delay_5500us:
;__Lib_Delays.c,536 :: 		void Delay_5500us()
;__Lib_Delays.c,538 :: 		Delay_us(5500);
0x0410	0x211E77  	MOV	#4583, W7
L_Delay_5500us21:
0x0412	0xED200E  	DEC	W7
0x0414	0x3AFFFE  	BRA NZ	L_Delay_5500us21
0x0416	0x000000  	NOP
;__Lib_Delays.c,539 :: 		}
L_end_Delay_5500us:
0x0418	0x060000  	RETURN
; end of _Delay_5500us
_Lcd_Cmd:
0x05CE	0xFA0000  	LNK	#0
;__Lib_Lcd.c,38 :: 		
;__Lib_Lcd.c,40 :: 		
; loc_word start address is: 2 (W1)
0x05D0	0xFB808A  	ZE	W10, W1
;__Lib_Lcd.c,42 :: 		
0x05D2	0xAEE002  	BTSS	W1, #7
0x05D4	0xA962CA  	BCLR	LCD_D7, BitPos(LCD_D7+0)
0x05D6	0xAFE002  	BTSC	W1, #7
0x05D8	0xA862CA  	BSET	LCD_D7, BitPos(LCD_D7+0)
;__Lib_Lcd.c,43 :: 		
0x05DA	0xAEC002  	BTSS	W1, #6
0x05DC	0xA942CA  	BCLR	LCD_D6, BitPos(LCD_D6+0)
0x05DE	0xAFC002  	BTSC	W1, #6
0x05E0	0xA842CA  	BSET	LCD_D6, BitPos(LCD_D6+0)
;__Lib_Lcd.c,44 :: 		
0x05E2	0xAEA002  	BTSS	W1, #5
0x05E4	0xA922CA  	BCLR	LCD_D5, BitPos(LCD_D5+0)
0x05E6	0xAFA002  	BTSC	W1, #5
0x05E8	0xA822CA  	BSET	LCD_D5, BitPos(LCD_D5+0)
;__Lib_Lcd.c,45 :: 		
0x05EA	0xAE8002  	BTSS	W1, #4
0x05EC	0xA902CA  	BCLR	LCD_D4, BitPos(LCD_D4+0)
0x05EE	0xAF8002  	BTSC	W1, #4
0x05F0	0xA802CA  	BSET	LCD_D4, BitPos(LCD_D4+0)
;__Lib_Lcd.c,47 :: 		
0x05F2	0x208000  	MOV	#lo_addr(__Lib_Lcd_cmd_status), W0
0x05F4	0xA60010  	BTSS	[W0], BitPos(__Lib_Lcd_cmd_status+0)
0x05F6	0xA802D6  	BSET	LCD_RS, BitPos(LCD_RS+0)
0x05F8	0xA70010  	BTSC	[W0], BitPos(__Lib_Lcd_cmd_status+0)
0x05FA	0xA902D6  	BCLR	LCD_RS, BitPos(LCD_RS+0)
;__Lib_Lcd.c,49 :: 		
0x05FC	0x07FF0E  	RCALL	__Lib_Lcd_Strobe
;__Lib_Lcd.c,51 :: 		
0x05FE	0xAE6002  	BTSS	W1, #3
0x0600	0xA962CA  	BCLR	LCD_D7, BitPos(LCD_D7+0)
0x0602	0xAF6002  	BTSC	W1, #3
0x0604	0xA862CA  	BSET	LCD_D7, BitPos(LCD_D7+0)
;__Lib_Lcd.c,52 :: 		
0x0606	0xAE4002  	BTSS	W1, #2
0x0608	0xA942CA  	BCLR	LCD_D6, BitPos(LCD_D6+0)
0x060A	0xAF4002  	BTSC	W1, #2
0x060C	0xA842CA  	BSET	LCD_D6, BitPos(LCD_D6+0)
;__Lib_Lcd.c,53 :: 		
0x060E	0xAE2002  	BTSS	W1, #1
0x0610	0xA922CA  	BCLR	LCD_D5, BitPos(LCD_D5+0)
0x0612	0xAF2002  	BTSC	W1, #1
0x0614	0xA822CA  	BSET	LCD_D5, BitPos(LCD_D5+0)
;__Lib_Lcd.c,54 :: 		
0x0616	0xAE0002  	BTSS	W1, #0
0x0618	0xA902CA  	BCLR	LCD_D4, BitPos(LCD_D4+0)
0x061A	0xAF0002  	BTSC	W1, #0
0x061C	0xA802CA  	BSET	LCD_D4, BitPos(LCD_D4+0)
; loc_word end address is: 2 (W1)
;__Lib_Lcd.c,56 :: 		
0x061E	0x208000  	MOV	#lo_addr(__Lib_Lcd_cmd_status), W0
0x0620	0xA60010  	BTSS	[W0], BitPos(__Lib_Lcd_cmd_status+0)
0x0622	0xA802D6  	BSET	LCD_RS, BitPos(LCD_RS+0)
0x0624	0xA70010  	BTSC	[W0], BitPos(__Lib_Lcd_cmd_status+0)
0x0626	0xA902D6  	BCLR	LCD_RS, BitPos(LCD_RS+0)
;__Lib_Lcd.c,58 :: 		
0x0628	0x07FEF8  	RCALL	__Lib_Lcd_Strobe
;__Lib_Lcd.c,60 :: 		
0x062A	0x208000  	MOV	#lo_addr(__Lib_Lcd_cmd_status), W0
0x062C	0xA60010  	BTSS	[W0], BitPos(__Lib_Lcd_cmd_status+0)
0x062E	0x370002  	BRA	L_Lcd_Cmd0
;__Lib_Lcd.c,61 :: 		
0x0630	0x07FEEF  	RCALL	_Delay_5500us
0x0632	0x370001  	BRA	L_Lcd_Cmd1
L_Lcd_Cmd0:
;__Lib_Lcd.c,63 :: 		
0x0634	0x07FEFF  	RCALL	_Delay_50us
L_Lcd_Cmd1:
;__Lib_Lcd.c,64 :: 		
L_end_Lcd_Cmd:
0x0636	0xFA8000  	ULNK
0x0638	0x060000  	RETURN
; end of _Lcd_Cmd
_Delay_50us:
;__Lib_Delays.c,458 :: 		void Delay_50us()
;__Lib_Delays.c,460 :: 		Delay_us(50);
0x0434	0x200297  	MOV	#41, W7
L_Delay_50us15:
0x0436	0xED200E  	DEC	W7
0x0438	0x3AFFFE  	BRA NZ	L_Delay_50us15
0x043A	0x000000  	NOP
0x043C	0x000000  	NOP
;__Lib_Delays.c,461 :: 		}
L_end_Delay_50us:
0x043E	0x060000  	RETURN
; end of _Delay_50us
_CAN1Initialize:
0x063A	0xFA0000  	LNK	#0
;__Lib_CAN_1.c,822 :: 		
0x063C	0x781F8A  	PUSH	W10
0x063E	0x781F8B  	PUSH	W11
0x0640	0x781F8C  	PUSH	W12
0x0642	0x781F8D  	PUSH	W13
; PROPSEG start address is: 4 (W2)
0x0644	0x97B94E  	MOV	[W14-8], W2
; CAN_CONFIG_FLAGS start address is: 12 (W6)
0x0646	0x97BB3E  	MOV	[W14-10], W6
;__Lib_CAN_1.c,828 :: 		
0x0648	0xA96391  	BCLR	C1CTRLbits, #11
;__Lib_CAN_1.c,829 :: 		
0x064A	0xA98391  	BCLR	C1CTRLbits, #12
;__Lib_CAN_1.c,830 :: 		
0x064C	0xA9A391  	BCLR	C1CTRLbits, #13
;__Lib_CAN_1.c,831 :: 		
0x064E	0xA9E391  	BCLR	C1CTRLbits, #15
;__Lib_CAN_1.c,836 :: 		
0x0650	0xBE9F8A  	PUSH.D	W10
0x0652	0x200FFB  	MOV	#255, W11
0x0654	0x20004A  	MOV	#4, W10
0x0656	0x07FE4E  	RCALL	_CAN1SetOperationMode
0x0658	0xBE054F  	POP.D	W10
;__Lib_CAN_1.c,842 :: 		
;__Lib_CAN_1.c,841 :: 		
;__Lib_CAN_1.c,840 :: 		
;__Lib_CAN_1.c,839 :: 		
;__Lib_CAN_1.c,844 :: 		
0x065A	0x781F86  	PUSH	W6
;__Lib_CAN_1.c,843 :: 		
0x065C	0x781F82  	PUSH	W2
; PROPSEG end address is: 4 (W2)
;__Lib_CAN_1.c,844 :: 		
0x065E	0x07FDFD  	RCALL	_CAN1SetBaudRate
0x0660	0xB1004F  	SUB	#4, W15
;__Lib_CAN_1.c,846 :: 		
0x0662	0x630070  	AND	W6, #16, W0
;__Lib_CAN_1.c,847 :: 		
0x0664	0xE10070  	CP	W0, #16
0x0666	0x3A0001  	BRA NZ	L_CAN1Initialize59
L__CAN1Initialize89:
;__Lib_CAN_1.c,848 :: 		
0x0668	0xA8438E  	BSET.B	C1RX0CONbits, #2
L_CAN1Initialize59:
;__Lib_CAN_1.c,851 :: 		
0x066A	0xAEA00C  	BTSS	W6, #5
0x066C	0x370021  	BRA	L_CAN1Initialize60
;__Lib_CAN_1.c,852 :: 		
0x066E	0xAE600C  	BTSS	W6, #3
0x0670	0x370010  	BRA	L_CAN1Initialize61
; CAN_CONFIG_FLAGS end address is: 12 (W6)
;__Lib_CAN_1.c,853 :: 		
0x0672	0x200FFD  	MOV	#255, W13
0x0674	0xEF2016  	CLR	W11
0x0676	0xEF2018  	CLR	W12
0x0678	0xEF2014  	CLR	W10
0x067A	0x07FDDB  	RCALL	_CAN1SetMask
;__Lib_CAN_1.c,854 :: 		
0x067C	0x200FFD  	MOV	#255, W13
0x067E	0xEF2016  	CLR	W11
0x0680	0xEF2018  	CLR	W12
0x0682	0x20001A  	MOV	#1, W10
0x0684	0x07FDD6  	RCALL	_CAN1SetMask
;__Lib_CAN_1.c,855 :: 		
; FilterConfig1 start address is: 0 (W0)
0x0686	0x200FF0  	MOV	#255, W0
;__Lib_CAN_1.c,856 :: 		
; FilterConfig2 start address is: 2 (W1)
0x0688	0x200FF1  	MOV	#255, W1
;__Lib_CAN_1.c,857 :: 		
0x068A	0x781F81  	PUSH	W1
; FilterConfig1 end address is: 0 (W0)
; FilterConfig2 end address is: 2 (W1)
0x068C	0x780080  	MOV	W0, W1
0x068E	0x78004F  	POP	W0
0x0690	0x37000C  	BRA	L_CAN1Initialize62
L_CAN1Initialize61:
;__Lib_CAN_1.c,859 :: 		
0x0692	0x200F7D  	MOV	#247, W13
0x0694	0xEF2016  	CLR	W11
0x0696	0xEF2018  	CLR	W12
0x0698	0xEF2014  	CLR	W10
0x069A	0x07FDCB  	RCALL	_CAN1SetMask
;__Lib_CAN_1.c,860 :: 		
0x069C	0x200F7D  	MOV	#247, W13
0x069E	0xEF2016  	CLR	W11
0x06A0	0xEF2018  	CLR	W12
0x06A2	0x20001A  	MOV	#1, W10
0x06A4	0x07FDC6  	RCALL	_CAN1SetMask
;__Lib_CAN_1.c,861 :: 		
; FilterConfig1 start address is: 2 (W1)
0x06A6	0x200F71  	MOV	#247, W1
;__Lib_CAN_1.c,862 :: 		
; FilterConfig2 start address is: 0 (W0)
0x06A8	0x200F70  	MOV	#247, W0
; FilterConfig1 end address is: 2 (W1)
; FilterConfig2 end address is: 0 (W0)
;__Lib_CAN_1.c,863 :: 		
L_CAN1Initialize62:
;__Lib_CAN_1.c,864 :: 		
; FilterConfig2 start address is: 0 (W0)
; FilterConfig1 start address is: 2 (W1)
0x06AA	0x780281  	MOV	W1, W5
; FilterConfig1 end address is: 2 (W1)
; FilterConfig2 end address is: 0 (W0)
0x06AC	0x780200  	MOV	W0, W4
0x06AE	0x37000E  	BRA	L_CAN1Initialize63
L_CAN1Initialize60:
;__Lib_CAN_1.c,866 :: 		
0x06B0	0x200DFD  	MOV	#223, W13
0x06B2	0xEF2016  	CLR	W11
0x06B4	0xEF2018  	CLR	W12
0x06B6	0xEF2014  	CLR	W10
0x06B8	0x07FDBC  	RCALL	_CAN1SetMask
;__Lib_CAN_1.c,867 :: 		
0x06BA	0x200DFD  	MOV	#223, W13
0x06BC	0xEF2016  	CLR	W11
0x06BE	0xEF2018  	CLR	W12
0x06C0	0x20001A  	MOV	#1, W10
0x06C2	0x07FDB7  	RCALL	_CAN1SetMask
;__Lib_CAN_1.c,868 :: 		
; FilterConfig1 start address is: 2 (W1)
0x06C4	0x200FF1  	MOV	#255, W1
;__Lib_CAN_1.c,869 :: 		
; FilterConfig2 start address is: 0 (W0)
0x06C6	0x200F70  	MOV	#247, W0
; FilterConfig1 end address is: 2 (W1)
; FilterConfig2 end address is: 0 (W0)
0x06C8	0x780281  	MOV	W1, W5
0x06CA	0x780200  	MOV	W0, W4
;__Lib_CAN_1.c,870 :: 		
L_CAN1Initialize63:
;__Lib_CAN_1.c,875 :: 		
; FilterConfig2 start address is: 8 (W4)
; FilterConfig1 start address is: 10 (W5)
0x06CC	0x780685  	MOV	W5, W13
0x06CE	0xEF2016  	CLR	W11
0x06D0	0xEF2018  	CLR	W12
0x06D2	0xEF2014  	CLR	W10
0x06D4	0x07FE36  	RCALL	_CAN1SetFilter
;__Lib_CAN_1.c,876 :: 		
0x06D6	0x780685  	MOV	W5, W13
; FilterConfig1 end address is: 10 (W5)
0x06D8	0xEF2016  	CLR	W11
0x06DA	0xEF2018  	CLR	W12
0x06DC	0x20001A  	MOV	#1, W10
0x06DE	0x07FE31  	RCALL	_CAN1SetFilter
;__Lib_CAN_1.c,877 :: 		
0x06E0	0x780684  	MOV	W4, W13
0x06E2	0xEF2016  	CLR	W11
0x06E4	0xEF2018  	CLR	W12
0x06E6	0x20002A  	MOV	#2, W10
0x06E8	0x07FE2C  	RCALL	_CAN1SetFilter
;__Lib_CAN_1.c,878 :: 		
0x06EA	0x780684  	MOV	W4, W13
0x06EC	0xEF2016  	CLR	W11
0x06EE	0xEF2018  	CLR	W12
0x06F0	0x20003A  	MOV	#3, W10
0x06F2	0x07FE27  	RCALL	_CAN1SetFilter
;__Lib_CAN_1.c,879 :: 		
0x06F4	0x780684  	MOV	W4, W13
0x06F6	0xEF2016  	CLR	W11
0x06F8	0xEF2018  	CLR	W12
0x06FA	0x20004A  	MOV	#4, W10
0x06FC	0x07FE22  	RCALL	_CAN1SetFilter
;__Lib_CAN_1.c,880 :: 		
0x06FE	0x780684  	MOV	W4, W13
; FilterConfig2 end address is: 8 (W4)
0x0700	0xEF2016  	CLR	W11
0x0702	0xEF2018  	CLR	W12
0x0704	0x20005A  	MOV	#5, W10
0x0706	0x07FE1D  	RCALL	_CAN1SetFilter
;__Lib_CAN_1.c,883 :: 		
0x0708	0x200FFB  	MOV	#255, W11
0x070A	0xEF2014  	CLR	W10
0x070C	0x07FDF3  	RCALL	_CAN1SetOperationMode
;__Lib_CAN_1.c,884 :: 		
L_end_CAN1Initialize:
0x070E	0x7806CF  	POP	W13
0x0710	0x78064F  	POP	W12
0x0712	0x7805CF  	POP	W11
0x0714	0x78054F  	POP	W10
0x0716	0xFA8000  	ULNK
0x0718	0x060000  	RETURN
; end of _CAN1Initialize
_CAN1SetOperationMode:
0x02F4	0xFA0000  	LNK	#0
;__Lib_CAN_1.c,333 :: 		
;__Lib_CAN_1.c,334 :: 		
0x02F6	0xE20016  	CP0	W11
0x02F8	0x320017  	BRA Z	L_CAN1SetOperationMode13
L__CAN1SetOperationMode69:
;__Lib_CAN_1.c,336 :: 		
0x02FA	0x78008A  	MOV	W10, W1
0x02FC	0xB3C080  	MOV.B	#8, W0
0x02FE	0xFB0000  	SE	W0, W0
0x0300	0xDD0880  	SL	W1, W0, W1
0x0302	0x203900  	MOV	#lo_addr(C1CTRLbits), W0
0x0304	0x688090  	XOR	W1, [W0], W1
0x0306	0x207000  	MOV	#1792, W0
0x0308	0x608080  	AND	W1, W0, W1
0x030A	0x203900  	MOV	#lo_addr(C1CTRLbits), W0
0x030C	0x688090  	XOR	W1, [W0], W1
0x030E	0x881C81  	MOV	W1, C1CTRLbits
;__Lib_CAN_1.c,338 :: 		
L_CAN1SetOperationMode14:
0x0310	0x203900  	MOV	#lo_addr(C1CTRLbits), W0
0x0312	0x784010  	MOV.B	[W0], W0
0x0314	0x784080  	MOV.B	W0, W1
0x0316	0xB3CE00  	MOV.B	#224, W0
0x0318	0x60C080  	AND.B	W1, W0, W1
0x031A	0xFB8001  	ZE	W1, W0
0x031C	0xDE00C5  	LSR	W0, #5, W1
0x031E	0xFB8001  	ZE	W1, W0
0x0320	0xE1000A  	CP	W0, W10
0x0322	0x320001  	BRA Z	L_CAN1SetOperationMode15
L__CAN1SetOperationMode70:
0x0324	0x37FFF5  	BRA	L_CAN1SetOperationMode14
L_CAN1SetOperationMode15:
;__Lib_CAN_1.c,339 :: 		
0x0326	0x37000B  	BRA	L_CAN1SetOperationMode16
L_CAN1SetOperationMode13:
;__Lib_CAN_1.c,342 :: 		
0x0328	0x78008A  	MOV	W10, W1
0x032A	0xB3C080  	MOV.B	#8, W0
0x032C	0xFB0000  	SE	W0, W0
0x032E	0xDD0880  	SL	W1, W0, W1
0x0330	0x203900  	MOV	#lo_addr(C1CTRLbits), W0
0x0332	0x688090  	XOR	W1, [W0], W1
0x0334	0x207000  	MOV	#1792, W0
0x0336	0x608080  	AND	W1, W0, W1
0x0338	0x203900  	MOV	#lo_addr(C1CTRLbits), W0
0x033A	0x688090  	XOR	W1, [W0], W1
0x033C	0x881C81  	MOV	W1, C1CTRLbits
;__Lib_CAN_1.c,344 :: 		
L_CAN1SetOperationMode16:
;__Lib_CAN_1.c,345 :: 		
L_end_CAN1SetOperationMode:
0x033E	0xFA8000  	ULNK
0x0340	0x060000  	RETURN
; end of _CAN1SetOperationMode
_CAN1SetBaudRate:
0x025A	0xFA0000  	LNK	#0
;__Lib_CAN_1.c,425 :: 		
; PROPSEG start address is: 2 (W1)
0x025C	0x97B8CE  	MOV	[W14-8], W1
; CAN_CONFIG_FLAGS start address is: 8 (W4)
0x025E	0x97BA3E  	MOV	[W14-10], W4
;__Lib_CAN_1.c,428 :: 		
0x0260	0x550061  	SUB	W10, #1, W0
0x0262	0x780500  	MOV	W0, W10
;__Lib_CAN_1.c,429 :: 		
0x0264	0x558061  	SUB	W11, #1, W0
0x0266	0x780580  	MOV	W0, W11
;__Lib_CAN_1.c,430 :: 		
0x0268	0x560061  	SUB	W12, #1, W0
0x026A	0x780600  	MOV	W0, W12
;__Lib_CAN_1.c,431 :: 		
0x026C	0x568061  	SUB	W13, #1, W0
0x026E	0x780680  	MOV	W0, W13
;__Lib_CAN_1.c,432 :: 		
; PROPSEG start address is: 10 (W5)
0x0270	0x5082E1  	SUB	W1, #1, W5
; PROPSEG end address is: 2 (W1)
;__Lib_CAN_1.c,434 :: 		
0x0272	0x78418A  	MOV.B	W10, W3
0x0274	0xB3C060  	MOV.B	#6, W0
0x0276	0xFB8083  	ZE	W3, W1
0x0278	0xFB0100  	SE	W0, W2
0x027A	0xDD0982  	SL	W1, W2, W3
0x027C	0x203920  	MOV	#lo_addr(C1CFG1bits), W0
0x027E	0x69C190  	XOR.B	W3, [W0], W3
0x0280	0xB3CC00  	MOV.B	#192, W0
0x0282	0x61C180  	AND.B	W3, W0, W3
0x0284	0x203920  	MOV	#lo_addr(C1CFG1bits), W0
0x0286	0x69C190  	XOR.B	W3, [W0], W3
0x0288	0x203920  	MOV	#lo_addr(C1CFG1bits), W0
0x028A	0x784803  	MOV.B	W3, [W0]
;__Lib_CAN_1.c,435 :: 		
0x028C	0x78408B  	MOV.B	W11, W1
0x028E	0x203920  	MOV	#lo_addr(C1CFG1bits), W0
0x0290	0x68C090  	XOR.B	W1, [W0], W1
0x0292	0xB3C3F0  	MOV.B	#63, W0
0x0294	0x60C080  	AND.B	W1, W0, W1
0x0296	0x203920  	MOV	#lo_addr(C1CFG1bits), W0
0x0298	0x68C090  	XOR.B	W1, [W0], W1
0x029A	0x203920  	MOV	#lo_addr(C1CFG1bits), W0
0x029C	0x784801  	MOV.B	W1, [W0]
;__Lib_CAN_1.c,436 :: 		
0x029E	0x784085  	MOV.B	W5, W1
; PROPSEG end address is: 10 (W5)
0x02A0	0x203940  	MOV	#lo_addr(C1CFG2bits), W0
0x02A2	0x68C090  	XOR.B	W1, [W0], W1
0x02A4	0x60C0E7  	AND.B	W1, #7, W1
0x02A6	0x203940  	MOV	#lo_addr(C1CFG2bits), W0
0x02A8	0x68C090  	XOR.B	W1, [W0], W1
0x02AA	0x203940  	MOV	#lo_addr(C1CFG2bits), W0
0x02AC	0x784801  	MOV.B	W1, [W0]
;__Lib_CAN_1.c,437 :: 		
0x02AE	0x78418C  	MOV.B	W12, W3
0x02B0	0xB3C030  	MOV.B	#3, W0
0x02B2	0xFB8083  	ZE	W3, W1
0x02B4	0xFB0100  	SE	W0, W2
0x02B6	0xDD0982  	SL	W1, W2, W3
0x02B8	0x203940  	MOV	#lo_addr(C1CFG2bits), W0
0x02BA	0x69C190  	XOR.B	W3, [W0], W3
0x02BC	0xB3C380  	MOV.B	#56, W0
0x02BE	0x61C180  	AND.B	W3, W0, W3
0x02C0	0x203940  	MOV	#lo_addr(C1CFG2bits), W0
0x02C2	0x69C190  	XOR.B	W3, [W0], W3
0x02C4	0x203940  	MOV	#lo_addr(C1CFG2bits), W0
0x02C6	0x784803  	MOV.B	W3, [W0]
;__Lib_CAN_1.c,438 :: 		
0x02C8	0x78008D  	MOV	W13, W1
0x02CA	0xB3C080  	MOV.B	#8, W0
0x02CC	0xFB0000  	SE	W0, W0
0x02CE	0xDD0880  	SL	W1, W0, W1
0x02D0	0x203940  	MOV	#lo_addr(C1CFG2bits), W0
0x02D2	0x688090  	XOR	W1, [W0], W1
0x02D4	0x207000  	MOV	#1792, W0
0x02D6	0x608080  	AND	W1, W0, W1
0x02D8	0x203940  	MOV	#lo_addr(C1CFG2bits), W0
0x02DA	0x688090  	XOR	W1, [W0], W1
0x02DC	0x881CA1  	MOV	W1, C1CFG2bits
;__Lib_CAN_1.c,440 :: 		
0x02DE	0xAF4008  	BTSC	W4, #2
0x02E0	0x370001  	BRA	L_CAN1SetBaudRate17
;__Lib_CAN_1.c,441 :: 		
0x02E2	0xA8C394  	BSET.B	C1CFG2bits, #6
L_CAN1SetBaudRate17:
;__Lib_CAN_1.c,443 :: 		
0x02E4	0xAE0008  	BTSS	W4, #0
0x02E6	0x370001  	BRA	L_CAN1SetBaudRate18
;__Lib_CAN_1.c,444 :: 		
0x02E8	0xA8E394  	BSET.B	C1CFG2bits, #7
L_CAN1SetBaudRate18:
;__Lib_CAN_1.c,446 :: 		
0x02EA	0xAE2008  	BTSS	W4, #1
0x02EC	0x370001  	BRA	L_CAN1SetBaudRate19
; CAN_CONFIG_FLAGS end address is: 8 (W4)
;__Lib_CAN_1.c,447 :: 		
0x02EE	0xA8C395  	BSET	C1CFG2bits, #14
L_CAN1SetBaudRate19:
;__Lib_CAN_1.c,448 :: 		
L_end_CAN1SetBaudRate:
0x02F0	0xFA8000  	ULNK
0x02F2	0x060000  	RETURN
; end of _CAN1SetBaudRate
_CAN1SetMask:
0x0232	0xFA0000  	LNK	#0
;__Lib_CAN_1.c,469 :: 		
;__Lib_CAN_1.c,471 :: 		
0x0234	0x781F8A  	PUSH	W10
0x0236	0x781F8D  	PUSH	W13
0x0238	0xE15060  	CP	W10, #0
0x023A	0x3A0006  	BRA NZ	L_CAN1SetMask20
L__CAN1SetMask74:
;__Lib_CAN_1.c,472 :: 		
0x023C	0x781F8D  	PUSH	W13
0x023E	0x20330A  	MOV	#lo_addr(C1RXM0SID), W10
0x0240	0xEF201A  	CLR	W13
0x0242	0x07FF5E  	RCALL	__Lib_CAN_1_CAN1IDToRegs
0x0244	0xB1002F  	SUB	#2, W15
0x0246	0x370005  	BRA	L_CAN1SetMask21
L_CAN1SetMask20:
;__Lib_CAN_1.c,475 :: 		
0x0248	0x781F8D  	PUSH	W13
0x024A	0x20338A  	MOV	#lo_addr(C1RXM1SID), W10
0x024C	0xEF201A  	CLR	W13
0x024E	0x07FF58  	RCALL	__Lib_CAN_1_CAN1IDToRegs
0x0250	0xB1002F  	SUB	#2, W15
L_CAN1SetMask21:
;__Lib_CAN_1.c,476 :: 		
L_end_CAN1SetMask:
0x0252	0x7806CF  	POP	W13
0x0254	0x78054F  	POP	W10
0x0256	0xFA8000  	ULNK
0x0258	0x060000  	RETURN
; end of _CAN1SetMask
__Lib_CAN_1_CAN1IDToRegs:
0x0100	0xFA0000  	LNK	#0
;__Lib_CAN_1.c,246 :: 		
; CAN_CONFIG_FLAGS start address is: 2 (W1)
0x0102	0x97B8CE  	MOV	[W14-8], W1
;__Lib_CAN_1.c,247 :: 		
0x0104	0x37008B  	BRA	L___Lib_CAN_1_CAN1IDToRegs0
;__Lib_CAN_1.c,248 :: 		
L___Lib_CAN_1_CAN1IDToRegs2:
;__Lib_CAN_1.c,249 :: 		
0x0106	0xAE6002  	BTSS	W1, #3
0x0108	0x370003  	BRA	L___Lib_CAN_1_CAN1IDToRegs3
; CAN_CONFIG_FLAGS end address is: 2 (W1)
;__Lib_CAN_1.c,251 :: 		
0x010A	0xDD5842  	SL	W11, #2, W0
0x010C	0x780D00  	MOV	W0, [W10]
;__Lib_CAN_1.c,253 :: 		
0x010E	0x370019  	BRA	L___Lib_CAN_1_CAN1IDToRegs4
L___Lib_CAN_1_CAN1IDToRegs3:
;__Lib_CAN_1.c,255 :: 		
0x0110	0x200163  	MOV	#lo_addr(W11), W3
0x0112	0x418062  	ADD	W3, #2, W0
0x0114	0x780090  	MOV	[W0], W1
0x0116	0x21FFC0  	MOV	#8188, W0
0x0118	0x608D00  	AND	W1, W0, [W10]
;__Lib_CAN_1.c,256 :: 		
0x011A	0x78001A  	MOV	[W10], W0
0x011C	0x700061  	IOR	W0, #1, W0
0x011E	0x780D00  	MOV	W0, [W10]
;__Lib_CAN_1.c,257 :: 		
0x0120	0x450162  	ADD	W10, #2, W2
0x0122	0x780502  	MOV	W2, W10
;__Lib_CAN_1.c,258 :: 		
0x0124	0x418062  	ADD	W3, #2, W0
0x0126	0x780010  	MOV	[W0], W0
0x0128	0x600063  	AND	W0, #3, W0
0x012A	0xDD00CA  	SL	W0, #10, W1
0x012C	0xDE5846  	LSR	W11, #6, W0
0x012E	0x708900  	IOR	W1, W0, [W2]
;__Lib_CAN_1.c,259 :: 		
0x0130	0x450162  	ADD	W10, #2, W2
0x0132	0x780502  	MOV	W2, W10
;__Lib_CAN_1.c,260 :: 		
0x0134	0x780092  	MOV	[W2], W1
0x0136	0x203FF0  	MOV	#1023, W0
0x0138	0x608900  	AND	W1, W0, [W2]
;__Lib_CAN_1.c,261 :: 		
0x013A	0x2003F0  	MOV	#63, W0
0x013C	0x658000  	AND	W11, W0, W0
0x013E	0xDD004A  	SL	W0, #10, W0
0x0140	0x780D00  	MOV	W0, [W10]
;__Lib_CAN_1.c,262 :: 		
L___Lib_CAN_1_CAN1IDToRegs4:
;__Lib_CAN_1.c,263 :: 		
0x0142	0x370072  	BRA	L___Lib_CAN_1_CAN1IDToRegs1
;__Lib_CAN_1.c,265 :: 		
L___Lib_CAN_1_CAN1IDToRegs5:
;__Lib_CAN_1.c,266 :: 		
; CAN_CONFIG_FLAGS start address is: 2 (W1)
0x0144	0xAEA002  	BTSS	W1, #5
0x0146	0x37001F  	BRA	L___Lib_CAN_1_CAN1IDToRegs6
;__Lib_CAN_1.c,267 :: 		
0x0148	0xAE6002  	BTSS	W1, #3
0x014A	0x370006  	BRA	L___Lib_CAN_1_CAN1IDToRegs7
; CAN_CONFIG_FLAGS end address is: 2 (W1)
;__Lib_CAN_1.c,269 :: 		
0x014C	0xDD5842  	SL	W11, #2, W0
0x014E	0x780D00  	MOV	W0, [W10]
;__Lib_CAN_1.c,270 :: 		
0x0150	0x78001A  	MOV	[W10], W0
0x0152	0x700061  	IOR	W0, #1, W0
0x0154	0x780D00  	MOV	W0, [W10]
;__Lib_CAN_1.c,271 :: 		
0x0156	0x370016  	BRA	L___Lib_CAN_1_CAN1IDToRegs8
L___Lib_CAN_1_CAN1IDToRegs7:
;__Lib_CAN_1.c,273 :: 		
0x0158	0x200163  	MOV	#lo_addr(W11), W3
0x015A	0x418062  	ADD	W3, #2, W0
0x015C	0x780090  	MOV	[W0], W1
0x015E	0x21FFC0  	MOV	#8188, W0
0x0160	0x608D00  	AND	W1, W0, [W10]
;__Lib_CAN_1.c,274 :: 		
0x0162	0x78001A  	MOV	[W10], W0
0x0164	0x700061  	IOR	W0, #1, W0
0x0166	0x780D00  	MOV	W0, [W10]
;__Lib_CAN_1.c,275 :: 		
0x0168	0x450162  	ADD	W10, #2, W2
0x016A	0x780502  	MOV	W2, W10
;__Lib_CAN_1.c,276 :: 		
0x016C	0x418062  	ADD	W3, #2, W0
0x016E	0x780010  	MOV	[W0], W0
0x0170	0x600063  	AND	W0, #3, W0
0x0172	0xDD00CA  	SL	W0, #10, W1
0x0174	0xDE5846  	LSR	W11, #6, W0
0x0176	0x708900  	IOR	W1, W0, [W2]
;__Lib_CAN_1.c,277 :: 		
0x0178	0x4500E2  	ADD	W10, #2, W1
0x017A	0x780501  	MOV	W1, W10
;__Lib_CAN_1.c,278 :: 		
0x017C	0x2003F0  	MOV	#63, W0
0x017E	0x658000  	AND	W11, W0, W0
0x0180	0xDD004A  	SL	W0, #10, W0
0x0182	0x780880  	MOV	W0, [W1]
;__Lib_CAN_1.c,279 :: 		
L___Lib_CAN_1_CAN1IDToRegs8:
;__Lib_CAN_1.c,280 :: 		
0x0184	0x370016  	BRA	L___Lib_CAN_1_CAN1IDToRegs9
L___Lib_CAN_1_CAN1IDToRegs6:
;__Lib_CAN_1.c,282 :: 		
0x0186	0x200163  	MOV	#lo_addr(W11), W3
0x0188	0x418062  	ADD	W3, #2, W0
0x018A	0x780090  	MOV	[W0], W1
0x018C	0x21FFC0  	MOV	#8188, W0
0x018E	0x608D00  	AND	W1, W0, [W10]
;__Lib_CAN_1.c,283 :: 		
0x0190	0x78009A  	MOV	[W10], W1
0x0192	0x2FFFE0  	MOV	#65534, W0
0x0194	0x608D00  	AND	W1, W0, [W10]
;__Lib_CAN_1.c,284 :: 		
0x0196	0x450162  	ADD	W10, #2, W2
0x0198	0x780502  	MOV	W2, W10
;__Lib_CAN_1.c,285 :: 		
0x019A	0x418062  	ADD	W3, #2, W0
0x019C	0x780010  	MOV	[W0], W0
0x019E	0x600063  	AND	W0, #3, W0
0x01A0	0xDD00CA  	SL	W0, #10, W1
0x01A2	0xDE5846  	LSR	W11, #6, W0
0x01A4	0x708900  	IOR	W1, W0, [W2]
;__Lib_CAN_1.c,286 :: 		
0x01A6	0x4500E2  	ADD	W10, #2, W1
0x01A8	0x780501  	MOV	W1, W10
;__Lib_CAN_1.c,287 :: 		
0x01AA	0x2003F0  	MOV	#63, W0
0x01AC	0x658000  	AND	W11, W0, W0
0x01AE	0xDD004A  	SL	W0, #10, W0
0x01B0	0x780880  	MOV	W0, [W1]
;__Lib_CAN_1.c,288 :: 		
L___Lib_CAN_1_CAN1IDToRegs9:
;__Lib_CAN_1.c,289 :: 		
0x01B2	0x37003A  	BRA	L___Lib_CAN_1_CAN1IDToRegs1
;__Lib_CAN_1.c,291 :: 		
L___Lib_CAN_1_CAN1IDToRegs10:
;__Lib_CAN_1.c,292 :: 		
; CAN_CONFIG_FLAGS start address is: 2 (W1)
0x01B4	0xAE6002  	BTSS	W1, #3
0x01B6	0x37000C  	BRA	L___Lib_CAN_1_CAN1IDToRegs11
; CAN_CONFIG_FLAGS end address is: 2 (W1)
;__Lib_CAN_1.c,294 :: 		
0x01B8	0x2003F0  	MOV	#63, W0
0x01BA	0x658000  	AND	W11, W0, W0
0x01BC	0xDD0042  	SL	W0, #2, W0
0x01BE	0x780D00  	MOV	W0, [W10]
;__Lib_CAN_1.c,295 :: 		
0x01C0	0x2FFC00  	MOV	#65472, W0
0x01C2	0x658000  	AND	W11, W0, W0
0x01C4	0xDD0045  	SL	W0, #5, W0
0x01C6	0x700D1A  	IOR	W0, [W10], [W10]
;__Lib_CAN_1.c,296 :: 		
0x01C8	0x78009A  	MOV	[W10], W1
0x01CA	0x2FFFE0  	MOV	#65534, W0
0x01CC	0x608D00  	AND	W1, W0, [W10]
;__Lib_CAN_1.c,297 :: 		
0x01CE	0x370025  	BRA	L___Lib_CAN_1_CAN1IDToRegs12
L___Lib_CAN_1_CAN1IDToRegs11:
;__Lib_CAN_1.c,299 :: 		
0x01D0	0x200163  	MOV	#lo_addr(W11), W3
0x01D2	0x418062  	ADD	W3, #2, W0
0x01D4	0x780090  	MOV	[W0], W1
0x01D6	0x21F000  	MOV	#7936, W0
0x01D8	0x608000  	AND	W1, W0, W0
0x01DA	0xDD0043  	SL	W0, #3, W0
0x01DC	0x780D00  	MOV	W0, [W10]
;__Lib_CAN_1.c,300 :: 		
0x01DE	0x4180E2  	ADD	W3, #2, W1
0x01E0	0x200FC0  	MOV	#252, W0
0x01E2	0x600011  	AND	W0, [W1], W0
0x01E4	0x700D1A  	IOR	W0, [W10], [W10]
;__Lib_CAN_1.c,301 :: 		
0x01E6	0x78001A  	MOV	[W10], W0
0x01E8	0x700061  	IOR	W0, #1, W0
0x01EA	0x780D00  	MOV	W0, [W10]
;__Lib_CAN_1.c,302 :: 		
0x01EC	0x450162  	ADD	W10, #2, W2
0x01EE	0x780502  	MOV	W2, W10
;__Lib_CAN_1.c,303 :: 		
0x01F0	0x418062  	ADD	W3, #2, W0
0x01F2	0x780010  	MOV	[W0], W0
0x01F4	0x600063  	AND	W0, #3, W0
0x01F6	0xDD00CE  	SL	W0, #14, W1
0x01F8	0x2C0000  	MOV	#49152, W0
0x01FA	0x658000  	AND	W11, W0, W0
0x01FC	0xDE0042  	LSR	W0, #2, W0
0x01FE	0x708900  	IOR	W1, W0, [W2]
;__Lib_CAN_1.c,304 :: 		
0x0200	0x23FC00  	MOV	#16320, W0
0x0202	0x658000  	AND	W11, W0, W0
0x0204	0xDE0046  	LSR	W0, #6, W0
0x0206	0x700D1A  	IOR	W0, [W10], [W10]
;__Lib_CAN_1.c,305 :: 		
0x0208	0x4500E2  	ADD	W10, #2, W1
0x020A	0x780501  	MOV	W1, W10
;__Lib_CAN_1.c,306 :: 		
0x020C	0x2003F0  	MOV	#63, W0
0x020E	0x658000  	AND	W11, W0, W0
0x0210	0xDD004A  	SL	W0, #10, W0
0x0212	0x780880  	MOV	W0, [W1]
;__Lib_CAN_1.c,307 :: 		
0x0214	0x78009A  	MOV	[W10], W1
0x0216	0x201800  	MOV	#384, W0
0x0218	0x708D00  	IOR	W1, W0, [W10]
;__Lib_CAN_1.c,308 :: 		
L___Lib_CAN_1_CAN1IDToRegs12:
;__Lib_CAN_1.c,309 :: 		
0x021A	0x370006  	BRA	L___Lib_CAN_1_CAN1IDToRegs1
;__Lib_CAN_1.c,311 :: 		
L___Lib_CAN_1_CAN1IDToRegs0:
; CAN_CONFIG_FLAGS start address is: 2 (W1)
0x021C	0xE16861  	CP	W13, #1
0x021E	0x32FF73  	BRA Z	L___Lib_CAN_1_CAN1IDToRegs2
L___Lib_CAN_1_CAN1IDToRegs65:
0x0220	0xE16860  	CP	W13, #0
0x0222	0x32FF90  	BRA Z	L___Lib_CAN_1_CAN1IDToRegs5
L___Lib_CAN_1_CAN1IDToRegs66:
0x0224	0xE16862  	CP	W13, #2
0x0226	0x32FFC6  	BRA Z	L___Lib_CAN_1_CAN1IDToRegs10
L___Lib_CAN_1_CAN1IDToRegs67:
; CAN_CONFIG_FLAGS end address is: 2 (W1)
L___Lib_CAN_1_CAN1IDToRegs1:
;__Lib_CAN_1.c,312 :: 		
L_end_CAN1IDToRegs:
0x0228	0xFA8000  	ULNK
0x022A	0x060000  	RETURN
; end of __Lib_CAN_1_CAN1IDToRegs
_CAN1SetFilter:
0x0342	0xFA0000  	LNK	#0
;__Lib_CAN_1.c,498 :: 		
;__Lib_CAN_1.c,501 :: 		
0x0344	0x781F8A  	PUSH	W10
0x0346	0x781F8D  	PUSH	W13
0x0348	0x370024  	BRA	L_CAN1SetFilter22
;__Lib_CAN_1.c,502 :: 		
L_CAN1SetFilter24:
;__Lib_CAN_1.c,503 :: 		
0x034A	0x781F8D  	PUSH	W13
0x034C	0x20300A  	MOV	#lo_addr(C1RXF0SID), W10
0x034E	0x20001D  	MOV	#1, W13
0x0350	0x07FED7  	RCALL	__Lib_CAN_1_CAN1IDToRegs
0x0352	0xB1002F  	SUB	#2, W15
;__Lib_CAN_1.c,504 :: 		
0x0354	0x370029  	BRA	L_CAN1SetFilter23
;__Lib_CAN_1.c,505 :: 		
L_CAN1SetFilter25:
;__Lib_CAN_1.c,506 :: 		
0x0356	0x781F8D  	PUSH	W13
0x0358	0x20308A  	MOV	#lo_addr(C1RXF1SID), W10
0x035A	0x20001D  	MOV	#1, W13
0x035C	0x07FED1  	RCALL	__Lib_CAN_1_CAN1IDToRegs
0x035E	0xB1002F  	SUB	#2, W15
;__Lib_CAN_1.c,507 :: 		
0x0360	0x370023  	BRA	L_CAN1SetFilter23
;__Lib_CAN_1.c,508 :: 		
L_CAN1SetFilter26:
;__Lib_CAN_1.c,509 :: 		
0x0362	0x781F8D  	PUSH	W13
0x0364	0x20310A  	MOV	#lo_addr(C1RXF2SID), W10
0x0366	0x20001D  	MOV	#1, W13
0x0368	0x07FECB  	RCALL	__Lib_CAN_1_CAN1IDToRegs
0x036A	0xB1002F  	SUB	#2, W15
;__Lib_CAN_1.c,510 :: 		
0x036C	0x37001D  	BRA	L_CAN1SetFilter23
;__Lib_CAN_1.c,511 :: 		
L_CAN1SetFilter27:
;__Lib_CAN_1.c,512 :: 		
0x036E	0x781F8D  	PUSH	W13
0x0370	0x20318A  	MOV	#lo_addr(C1RXF3SID), W10
0x0372	0x20001D  	MOV	#1, W13
0x0374	0x07FEC5  	RCALL	__Lib_CAN_1_CAN1IDToRegs
0x0376	0xB1002F  	SUB	#2, W15
;__Lib_CAN_1.c,513 :: 		
0x0378	0x370017  	BRA	L_CAN1SetFilter23
;__Lib_CAN_1.c,514 :: 		
L_CAN1SetFilter28:
;__Lib_CAN_1.c,515 :: 		
0x037A	0x781F8D  	PUSH	W13
0x037C	0x20320A  	MOV	#lo_addr(C1RXF4SID), W10
0x037E	0x20001D  	MOV	#1, W13
0x0380	0x07FEBF  	RCALL	__Lib_CAN_1_CAN1IDToRegs
0x0382	0xB1002F  	SUB	#2, W15
;__Lib_CAN_1.c,516 :: 		
0x0384	0x370011  	BRA	L_CAN1SetFilter23
;__Lib_CAN_1.c,517 :: 		
L_CAN1SetFilter29:
;__Lib_CAN_1.c,518 :: 		
0x0386	0x781F8D  	PUSH	W13
0x0388	0x20328A  	MOV	#lo_addr(C1RXF5SID), W10
0x038A	0x20001D  	MOV	#1, W13
0x038C	0x07FEB9  	RCALL	__Lib_CAN_1_CAN1IDToRegs
0x038E	0xB1002F  	SUB	#2, W15
;__Lib_CAN_1.c,519 :: 		
0x0390	0x37000B  	BRA	L_CAN1SetFilter23
L_CAN1SetFilter22:
0x0392	0xE15060  	CP	W10, #0
0x0394	0x32FFDA  	BRA Z	L_CAN1SetFilter24
L__CAN1SetFilter76:
0x0396	0xE15061  	CP	W10, #1
0x0398	0x32FFDE  	BRA Z	L_CAN1SetFilter25
L__CAN1SetFilter77:
0x039A	0xE15062  	CP	W10, #2
0x039C	0x32FFE2  	BRA Z	L_CAN1SetFilter26
L__CAN1SetFilter78:
0x039E	0xE15063  	CP	W10, #3
0x03A0	0x32FFE6  	BRA Z	L_CAN1SetFilter27
L__CAN1SetFilter79:
0x03A2	0xE15064  	CP	W10, #4
0x03A4	0x32FFEA  	BRA Z	L_CAN1SetFilter28
L__CAN1SetFilter80:
0x03A6	0x37FFEF  	BRA	L_CAN1SetFilter29
L_CAN1SetFilter23:
;__Lib_CAN_1.c,520 :: 		
L_end_CAN1SetFilter:
0x03A8	0x7806CF  	POP	W13
0x03AA	0x78054F  	POP	W10
0x03AC	0xFA8000  	ULNK
0x03AE	0x060000  	RETURN
; end of _CAN1SetFilter
_CAN1Write:
0x071A	0xFA0000  	LNK	#0
;__Lib_CAN_1.c,589 :: 		
0x071C	0x781F8A  	PUSH	W10
0x071E	0x781F8B  	PUSH	W11
; CAN_TX_MSG_FLAGS start address is: 8 (W4)
0x0720	0x97BA4E  	MOV	[W14-8], W4
;__Lib_CAN_1.c,595 :: 		
0x0722	0xAF636E  	BTSC.B	C1TX0CONbits, #3
0x0724	0x370003  	BRA	L_CAN1Write32
;__Lib_CAN_1.c,596 :: 		
; ptr start address is: 12 (W6)
0x0726	0x203606  	MOV	#lo_addr(C1TX0SID), W6
;__Lib_CAN_1.c,597 :: 		
; TxCtrlReg start address is: 10 (W5)
0x0728	0x2036E5  	MOV	#lo_addr(C1TX0CON), W5
;__Lib_CAN_1.c,598 :: 		
; ptr end address is: 12 (W6)
; TxCtrlReg end address is: 10 (W5)
0x072A	0x37000E  	BRA	L_CAN1Write33
L_CAN1Write32:
;__Lib_CAN_1.c,600 :: 		
0x072C	0xAF635E  	BTSC.B	C1TX1CONbits, #3
0x072E	0x370004  	BRA	L_CAN1Write34
;__Lib_CAN_1.c,601 :: 		
; ptr start address is: 12 (W6)
0x0730	0x203506  	MOV	#lo_addr(C1TX1SID), W6
;__Lib_CAN_1.c,602 :: 		
; TxCtrlReg start address is: 0 (W0)
0x0732	0x2035E0  	MOV	#lo_addr(C1TX1CON), W0
;__Lib_CAN_1.c,603 :: 		
; TxCtrlReg end address is: 0 (W0)
; ptr end address is: 12 (W6)
0x0734	0x780280  	MOV	W0, W5
0x0736	0x370008  	BRA	L_CAN1Write35
L_CAN1Write34:
;__Lib_CAN_1.c,605 :: 		
0x0738	0xAF634E  	BTSC.B	C1TX2CONbits, #3
0x073A	0x370003  	BRA	L_CAN1Write36
;__Lib_CAN_1.c,606 :: 		
; ptr start address is: 12 (W6)
0x073C	0x203406  	MOV	#lo_addr(C1TX2SID), W6
;__Lib_CAN_1.c,607 :: 		
; TxCtrlReg start address is: 0 (W0)
0x073E	0x2034E0  	MOV	#lo_addr(C1TX2CON), W0
;__Lib_CAN_1.c,608 :: 		
0x0740	0x370002  	BRA	L_CAN1Write37
; TxCtrlReg end address is: 0 (W0)
; ptr end address is: 12 (W6)
; CAN_TX_MSG_FLAGS end address is: 8 (W4)
L_CAN1Write36:
;__Lib_CAN_1.c,610 :: 		
0x0742	0xEF2000  	CLR	W0
0x0744	0x370035  	BRA	L_end_CAN1Write
;__Lib_CAN_1.c,611 :: 		
L_CAN1Write37:
;__Lib_CAN_1.c,612 :: 		
; CAN_TX_MSG_FLAGS start address is: 8 (W4)
; ptr start address is: 12 (W6)
; TxCtrlReg start address is: 0 (W0)
; ptr end address is: 12 (W6)
0x0746	0x780280  	MOV	W0, W5
L_CAN1Write35:
; TxCtrlReg end address is: 0 (W0)
;__Lib_CAN_1.c,613 :: 		
; TxCtrlReg start address is: 10 (W5)
; ptr start address is: 12 (W6)
; ptr end address is: 12 (W6)
; TxCtrlReg end address is: 10 (W5)
L_CAN1Write33:
;__Lib_CAN_1.c,621 :: 		
; ptr start address is: 12 (W6)
; TxCtrlReg start address is: 10 (W5)
0x0748	0xAF6008  	BTSC	W4, #3
0x074A	0x37000B  	BRA	L_CAN1Write38
;__Lib_CAN_1.c,622 :: 		
0x074C	0xBE9F8C  	PUSH.D	W12
0x074E	0x20002D  	MOV	#2, W13
0x0750	0x78060B  	MOV	W11, W12
0x0752	0x78058A  	MOV	W10, W11
0x0754	0x780506  	MOV	W6, W10
0x0756	0x200F70  	MOV	#247, W0
0x0758	0x781F80  	PUSH	W0
0x075A	0x07FCD2  	RCALL	__Lib_CAN_1_CAN1IDToRegs
0x075C	0xB1002F  	SUB	#2, W15
0x075E	0xBE064F  	POP.D	W12
0x0760	0x37000A  	BRA	L_CAN1Write39
L_CAN1Write38:
;__Lib_CAN_1.c,624 :: 		
0x0762	0xBE9F8C  	PUSH.D	W12
0x0764	0x20002D  	MOV	#2, W13
0x0766	0x78060B  	MOV	W11, W12
0x0768	0x78058A  	MOV	W10, W11
0x076A	0x780506  	MOV	W6, W10
0x076C	0x200FF0  	MOV	#255, W0
0x076E	0x781F80  	PUSH	W0
0x0770	0x07FCC7  	RCALL	__Lib_CAN_1_CAN1IDToRegs
0x0772	0xB1002F  	SUB	#2, W15
0x0774	0xBE064F  	POP.D	W12
L_CAN1Write39:
;__Lib_CAN_1.c,626 :: 		
0x0776	0x430164  	ADD	W6, #4, W2
; ptr end address is: 12 (W6)
; ptr start address is: 6 (W3)
0x0778	0x780182  	MOV	W2, W3
;__Lib_CAN_1.c,628 :: 		
0x077A	0x780092  	MOV	[W2], W1
0x077C	0x2FD800  	MOV	#64896, W0
0x077E	0x608900  	AND	W1, W0, [W2]
;__Lib_CAN_1.c,629 :: 		
0x0780	0x66806F  	AND	W13, #15, W0
0x0782	0xDD0043  	SL	W0, #3, W0
0x0784	0x700993  	IOR	W0, [W3], [W3]
;__Lib_CAN_1.c,631 :: 		
0x0786	0xAFC008  	BTSC	W4, #6
0x0788	0x370003  	BRA	L_CAN1Write40
;__Lib_CAN_1.c,632 :: 		
0x078A	0x780093  	MOV	[W3], W1
0x078C	0x202000  	MOV	#512, W0
0x078E	0x708980  	IOR	W1, W0, [W3]
L_CAN1Write40:
;__Lib_CAN_1.c,635 :: 		
; chptr start address is: 4 (W2)
0x0790	0x418162  	ADD	W3, #2, W2
; ptr end address is: 6 (W3)
;__Lib_CAN_1.c,636 :: 		
; i start address is: 0 (W0)
0x0792	0xEF2000  	CLR	W0
;__Lib_CAN_1.c,637 :: 		
; TxCtrlReg end address is: 10 (W5)
; i end address is: 0 (W0)
; CAN_TX_MSG_FLAGS end address is: 8 (W4)
0x0794	0x780185  	MOV	W5, W3
0x0796	0x780280  	MOV	W0, W5
;__Lib_CAN_1.c,638 :: 		
L_CAN1Write41:
; chptr start address is: 4 (W2)
; chptr end address is: 4 (W2)
; i start address is: 10 (W5)
; TxCtrlReg start address is: 6 (W3)
; CAN_TX_MSG_FLAGS start address is: 8 (W4)
0x0798	0xE1280D  	CP	W5, W13
0x079A	0x310005  	BRA GEU	L_CAN1Write42
L__CAN1Write83:
; chptr end address is: 4 (W2)
;__Lib_CAN_1.c,639 :: 		
; chptr start address is: 4 (W2)
0x079C	0x410085  	ADD	W2, W5, W1
0x079E	0x460005  	ADD	W12, W5, W0
0x07A0	0x784890  	MOV.B	[W0], [W1]
;__Lib_CAN_1.c,640 :: 		
0x07A2	0xEC200A  	INC	W5
;__Lib_CAN_1.c,641 :: 		
; chptr end address is: 4 (W2)
; i end address is: 10 (W5)
0x07A4	0x37FFF9  	BRA	L_CAN1Write41
L_CAN1Write42:
;__Lib_CAN_1.c,643 :: 		
0x07A6	0x6209E3  	AND	W4, #3, [W3]
; CAN_TX_MSG_FLAGS end address is: 8 (W4)
;__Lib_CAN_1.c,654 :: 		
0x07A8	0x780013  	MOV	[W3], W0
0x07AA	0x700068  	IOR	W0, #8, W0
0x07AC	0x780980  	MOV	W0, [W3]
; TxCtrlReg end address is: 6 (W3)
;__Lib_CAN_1.c,661 :: 		
0x07AE	0x2FFFF0  	MOV	#65535, W0
;__Lib_CAN_1.c,662 :: 		
;__Lib_CAN_1.c,661 :: 		
;__Lib_CAN_1.c,662 :: 		
L_end_CAN1Write:
0x07B0	0x7805CF  	POP	W11
0x07B2	0x78054F  	POP	W10
0x07B4	0xFA8000  	ULNK
0x07B6	0x060000  	RETURN
; end of _CAN1Write
_CAN1Read:
0x0440	0xFA0000  	LNK	#0
;__Lib_CAN_1.c,691 :: 		
;__Lib_CAN_1.c,697 :: 		
0x0442	0xEF2000  	CLR	W0
0x0444	0x780E80  	MOV	W0, [W13]
;__Lib_CAN_1.c,699 :: 		
0x0446	0xAEE38E  	BTSS.B	C1RX0CONbits, #7
0x0448	0x370011  	BRA	L_CAN1Read43
;__Lib_CAN_1.c,701 :: 		
; ptr start address is: 10 (W5)
0x044A	0x203805  	MOV	#lo_addr(C1RX0SID), W5
;__Lib_CAN_1.c,702 :: 		
; lbIsItBuffer0 start address is: 8 (W4)
0x044C	0x2FFFF4  	MOV	#65535, W4
;__Lib_CAN_1.c,704 :: 		
0x044E	0xA90396  	BCLR.B	C1INTFbits, #0
;__Lib_CAN_1.c,706 :: 		
0x0450	0xAEE397  	BTSS	C1INTFbits, #15
0x0452	0x370003  	BRA	L_CAN1Read44
;__Lib_CAN_1.c,707 :: 		
0x0454	0x78001D  	MOV	[W13], W0
0x0456	0x700EE8  	IOR	W0, #8, [W13]
;__Lib_CAN_1.c,708 :: 		
0x0458	0xA9E397  	BCLR	C1INTFbits, #15
;__Lib_CAN_1.c,709 :: 		
L_CAN1Read44:
;__Lib_CAN_1.c,710 :: 		
0x045A	0xAE438E  	BTSS.B	C1RX0CONbits, #2
0x045C	0x370006  	BRA	L_CAN1Read45
;__Lib_CAN_1.c,711 :: 		
0x045E	0xBF838E  	MOV	C1RX0CON, WREG
0x0460	0x600067  	AND	W0, #7, W0
0x0462	0x700E9D  	IOR	W0, [W13], [W13]
;__Lib_CAN_1.c,712 :: 		
0x0464	0x78001D  	MOV	[W13], W0
0x0466	0x600061  	AND	W0, #1, W0
0x0468	0x780E80  	MOV	W0, [W13]
;__Lib_CAN_1.c,713 :: 		
L_CAN1Read45:
;__Lib_CAN_1.c,714 :: 		
; ptr end address is: 10 (W5)
; lbIsItBuffer0 end address is: 8 (W4)
0x046A	0x370017  	BRA	L_CAN1Read46
L_CAN1Read43:
;__Lib_CAN_1.c,716 :: 		
0x046C	0xAEE37E  	BTSS.B	C1RX1CONbits, #7
0x046E	0x370012  	BRA	L_CAN1Read47
;__Lib_CAN_1.c,718 :: 		
; ptr start address is: 4 (W2)
0x0470	0x203702  	MOV	#lo_addr(C1RX1SID), W2
;__Lib_CAN_1.c,719 :: 		
; lbIsItBuffer0 start address is: 8 (W4)
0x0472	0xEF2008  	CLR	W4
;__Lib_CAN_1.c,721 :: 		
0x0474	0xA92396  	BCLR.B	C1INTFbits, #1
;__Lib_CAN_1.c,723 :: 		
0x0476	0xAEC397  	BTSS	C1INTFbits, #14
0x0478	0x370003  	BRA	L_CAN1Read48
;__Lib_CAN_1.c,724 :: 		
0x047A	0x78001D  	MOV	[W13], W0
0x047C	0x700EE8  	IOR	W0, #8, [W13]
;__Lib_CAN_1.c,725 :: 		
0x047E	0xA9C397  	BCLR	C1INTFbits, #14
;__Lib_CAN_1.c,726 :: 		
L_CAN1Read48:
;__Lib_CAN_1.c,727 :: 		
0x0480	0xBF837E  	MOV	C1RX1CON, WREG
0x0482	0x600067  	AND	W0, #7, W0
0x0484	0x700E9D  	IOR	W0, [W13], [W13]
;__Lib_CAN_1.c,728 :: 		
0x0486	0x78001D  	MOV	[W13], W0
0x0488	0xE10062  	CP	W0, #2
0x048A	0x310003  	BRA GEU	L_CAN1Read49
L__CAN1Read85:
;__Lib_CAN_1.c,729 :: 		
0x048C	0x78009D  	MOV	[W13], W1
0x048E	0x200800  	MOV	#128, W0
0x0490	0x708E80  	IOR	W1, W0, [W13]
L_CAN1Read49:
;__Lib_CAN_1.c,730 :: 		
0x0492	0x370002  	BRA	L_CAN1Read50
; ptr end address is: 4 (W2)
; lbIsItBuffer0 end address is: 8 (W4)
L_CAN1Read47:
;__Lib_CAN_1.c,732 :: 		
0x0494	0xEF2000  	CLR	W0
0x0496	0x370037  	BRA	L_end_CAN1Read
;__Lib_CAN_1.c,733 :: 		
L_CAN1Read50:
; lbIsItBuffer0 start address is: 8 (W4)
; ptr start address is: 4 (W2)
0x0498	0x780282  	MOV	W2, W5
; lbIsItBuffer0 end address is: 8 (W4)
L_CAN1Read46:
; ptr end address is: 4 (W2)
;__Lib_CAN_1.c,736 :: 		
; lbIsItBuffer0 start address is: 8 (W4)
; ptr start address is: 10 (W5)
0x049A	0xA60015  	BTSS	[W5], #0
0x049C	0x37000A  	BRA	L_CAN1Read51
;__Lib_CAN_1.c,737 :: 		
0x049E	0x78009D  	MOV	[W13], W1
0x04A0	0x200200  	MOV	#32, W0
0x04A2	0x708E80  	IOR	W1, W0, [W13]
;__Lib_CAN_1.c,738 :: 		
0x04A4	0xBE9F8A  	PUSH.D	W10
0x04A6	0x200F7B  	MOV	#247, W11
0x04A8	0x780505  	MOV	W5, W10
0x04AA	0x07FF82  	RCALL	__Lib_CAN_1_RegsToCAN1ID
0x04AC	0xBE054F  	POP.D	W10
0x04AE	0xBE8D00  	MOV.D	W0, [W10]
;__Lib_CAN_1.c,739 :: 		
0x04B0	0x370006  	BRA	L_CAN1Read52
L_CAN1Read51:
;__Lib_CAN_1.c,741 :: 		
0x04B2	0xBE9F8A  	PUSH.D	W10
0x04B4	0x200FFB  	MOV	#255, W11
0x04B6	0x780505  	MOV	W5, W10
0x04B8	0x07FF7B  	RCALL	__Lib_CAN_1_RegsToCAN1ID
0x04BA	0xBE054F  	POP.D	W10
0x04BC	0xBE8D00  	MOV.D	W0, [W10]
L_CAN1Read52:
;__Lib_CAN_1.c,743 :: 		
0x04BE	0x428064  	ADD	W5, #4, W0
; ptr end address is: 10 (W5)
; ptr start address is: 6 (W3)
0x04C0	0x780180  	MOV	W0, W3
;__Lib_CAN_1.c,745 :: 		
0x04C2	0x780010  	MOV	[W0], W0
0x04C4	0x60006F  	AND	W0, #15, W0
; ddatalen start address is: 4 (W2)
0x04C6	0x780100  	MOV	W0, W2
;__Lib_CAN_1.c,746 :: 		
0x04C8	0x780E00  	MOV	W0, [W12]
;__Lib_CAN_1.c,748 :: 		
0x04CA	0xA69013  	BTSS	[W3], #9
0x04CC	0x370003  	BRA	L_CAN1Read53
;__Lib_CAN_1.c,749 :: 		
0x04CE	0x78009D  	MOV	[W13], W1
0x04D0	0x200400  	MOV	#64, W0
0x04D2	0x708E80  	IOR	W1, W0, [W13]
L_CAN1Read53:
;__Lib_CAN_1.c,751 :: 		
; chptr start address is: 0 (W0)
0x04D4	0x418062  	ADD	W3, #2, W0
; ptr end address is: 6 (W3)
;__Lib_CAN_1.c,753 :: 		
; i start address is: 10 (W5)
0x04D6	0xEF200A  	CLR	W5
;__Lib_CAN_1.c,754 :: 		
; ddatalen end address is: 4 (W2)
; chptr end address is: 0 (W0)
; lbIsItBuffer0 end address is: 8 (W4)
; i end address is: 10 (W5)
0x04D8	0x780182  	MOV	W2, W3
0x04DA	0x780100  	MOV	W0, W2
;__Lib_CAN_1.c,755 :: 		
L_CAN1Read54:
; chptr start address is: 4 (W2)
; chptr start address is: 4 (W2)
; chptr end address is: 4 (W2)
; i start address is: 10 (W5)
; ddatalen start address is: 6 (W3)
; lbIsItBuffer0 start address is: 8 (W4)
0x04DC	0xFB8005  	ZE	W5, W0
0x04DE	0xE10003  	CP	W0, W3
0x04E0	0x310007  	BRA GEU	L_CAN1Read55
L__CAN1Read86:
; chptr end address is: 4 (W2)
;__Lib_CAN_1.c,756 :: 		
; chptr start address is: 4 (W2)
0x04E2	0xFB8005  	ZE	W5, W0
0x04E4	0x458080  	ADD	W11, W0, W1
0x04E6	0xFB8005  	ZE	W5, W0
0x04E8	0x410000  	ADD	W2, W0, W0
0x04EA	0x784890  	MOV.B	[W0], [W1]
;__Lib_CAN_1.c,757 :: 		
0x04EC	0xEC600A  	INC.B	W5
;__Lib_CAN_1.c,758 :: 		
; chptr end address is: 4 (W2)
; ddatalen end address is: 6 (W3)
; i end address is: 10 (W5)
0x04EE	0x37FFF6  	BRA	L_CAN1Read54
L_CAN1Read55:
;__Lib_CAN_1.c,763 :: 		
0x04F0	0xAEE396  	BTSS	C1INTFbits, #7
0x04F2	0x370003  	BRA	L_CAN1Read56
;__Lib_CAN_1.c,764 :: 		
0x04F4	0x78001D  	MOV	[W13], W0
0x04F6	0x700EF0  	IOR	W0, #16, [W13]
;__Lib_CAN_1.c,765 :: 		
0x04F8	0xA9E396  	BCLR.B	C1INTFbits, #7
;__Lib_CAN_1.c,766 :: 		
L_CAN1Read56:
;__Lib_CAN_1.c,768 :: 		
0x04FA	0xE20008  	CP0	W4
0x04FC	0x320002  	BRA Z	L_CAN1Read57
L__CAN1Read87:
; lbIsItBuffer0 end address is: 8 (W4)
;__Lib_CAN_1.c,769 :: 		
0x04FE	0xA9E38E  	BCLR.B	C1RX0CONbits, #7
0x0500	0x370001  	BRA	L_CAN1Read58
L_CAN1Read57:
;__Lib_CAN_1.c,771 :: 		
0x0502	0xA9E37E  	BCLR.B	C1RX1CONbits, #7
L_CAN1Read58:
;__Lib_CAN_1.c,773 :: 		
0x0504	0x2FFFF0  	MOV	#65535, W0
;__Lib_CAN_1.c,774 :: 		
L_end_CAN1Read:
0x0506	0xFA8000  	ULNK
0x0508	0x060000  	RETURN
; end of _CAN1Read
__Lib_CAN_1_RegsToCAN1ID:
0x03B0	0xFA0004  	LNK	#4
;__Lib_CAN_1.c,547 :: 		
;__Lib_CAN_1.c,548 :: 		
0x03B2	0x200000  	MOV	#0, W0
0x03B4	0x980700  	MOV	W0, [W14+0]
0x03B6	0x200000  	MOV	#0, W0
0x03B8	0x980710  	MOV	W0, [W14+2]
;__Lib_CAN_1.c,550 :: 		
0x03BA	0xAE6016  	BTSS	W11, #3
0x03BC	0x370006  	BRA	L___Lib_CAN_1_RegsToCAN1ID30
;__Lib_CAN_1.c,551 :: 		
0x03BE	0x78001A  	MOV	[W10], W0
0x03C0	0xDE0042  	LSR	W0, #2, W0
0x03C2	0xEB0080  	CLR	W1
0x03C4	0x980700  	MOV	W0, [W14+0]
0x03C6	0x980711  	MOV	W1, [W14+2]
;__Lib_CAN_1.c,552 :: 		
0x03C8	0x370017  	BRA	L___Lib_CAN_1_RegsToCAN1ID31
L___Lib_CAN_1_RegsToCAN1ID30:
;__Lib_CAN_1.c,554 :: 		
0x03CA	0x4701E0  	ADD	W14, #0, W3
0x03CC	0x418162  	ADD	W3, #2, W2
0x03CE	0x78009A  	MOV	[W10], W1
0x03D0	0x21FFC0  	MOV	#8188, W0
0x03D2	0x608900  	AND	W1, W0, [W2]
;__Lib_CAN_1.c,555 :: 		
0x03D4	0x450062  	ADD	W10, #2, W0
0x03D6	0x780500  	MOV	W0, W10
;__Lib_CAN_1.c,556 :: 		
0x03D8	0x4180E2  	ADD	W3, #2, W1
0x03DA	0x780010  	MOV	[W0], W0
0x03DC	0xDE004A  	LSR	W0, #10, W0
0x03DE	0x700891  	IOR	W0, [W1], [W1]
;__Lib_CAN_1.c,557 :: 		
0x03E0	0x78009A  	MOV	[W10], W1
0x03E2	0x203FF0  	MOV	#1023, W0
0x03E4	0x608000  	AND	W1, W0, W0
0x03E6	0xDD0046  	SL	W0, #6, W0
0x03E8	0x780980  	MOV	W0, [W3]
;__Lib_CAN_1.c,558 :: 		
0x03EA	0x450062  	ADD	W10, #2, W0
0x03EC	0x780500  	MOV	W0, W10
;__Lib_CAN_1.c,559 :: 		
0x03EE	0x780010  	MOV	[W0], W0
0x03F0	0xDE00CA  	LSR	W0, #10, W1
0x03F2	0x470060  	ADD	W14, #0, W0
0x03F4	0x708010  	IOR	W1, [W0], W0
0x03F6	0x780980  	MOV	W0, [W3]
;__Lib_CAN_1.c,560 :: 		
L___Lib_CAN_1_RegsToCAN1ID31:
;__Lib_CAN_1.c,561 :: 		
0x03F8	0x90000E  	MOV	[W14+0], W0
0x03FA	0x90009E  	MOV	[W14+2], W1
;__Lib_CAN_1.c,562 :: 		
L_end_RegsToCAN1ID:
0x03FC	0xFA8000  	ULNK
0x03FE	0x060000  	RETURN
; end of __Lib_CAN_1_RegsToCAN1ID
_Lcd_Out:
0x0574	0xFA0000  	LNK	#0
;__Lib_Lcd.c,187 :: 		
;__Lib_Lcd.c,190 :: 		
0x0576	0x781F8A  	PUSH	W10
0x0578	0x37000A  	BRA	L_Lcd_Out11
;__Lib_Lcd.c,191 :: 		
L_Lcd_Out13:
0x057A	0x20080A  	MOV	#128, W10
0x057C	0x370011  	BRA	L_Lcd_Out12
;__Lib_Lcd.c,192 :: 		
L_Lcd_Out14:
0x057E	0x200C0A  	MOV	#192, W10
0x0580	0x37000F  	BRA	L_Lcd_Out12
;__Lib_Lcd.c,193 :: 		
L_Lcd_Out15:
0x0582	0x20094A  	MOV	#148, W10
0x0584	0x37000D  	BRA	L_Lcd_Out12
;__Lib_Lcd.c,194 :: 		
L_Lcd_Out16:
0x0586	0x200D4A  	MOV	#212, W10
0x0588	0x37000B  	BRA	L_Lcd_Out12
;__Lib_Lcd.c,195 :: 		
L_Lcd_Out17:
0x058A	0x20080A  	MOV	#128, W10
;__Lib_Lcd.c,196 :: 		
0x058C	0x370009  	BRA	L_Lcd_Out12
L_Lcd_Out11:
0x058E	0xE15061  	CP	W10, #1
0x0590	0x32FFF4  	BRA Z	L_Lcd_Out13
L__Lcd_Out32:
0x0592	0xE15062  	CP	W10, #2
0x0594	0x32FFF4  	BRA Z	L_Lcd_Out14
L__Lcd_Out33:
0x0596	0xE15063  	CP	W10, #3
0x0598	0x32FFF4  	BRA Z	L_Lcd_Out15
L__Lcd_Out34:
0x059A	0xE15064  	CP	W10, #4
0x059C	0x32FFF4  	BRA Z	L_Lcd_Out16
L__Lcd_Out35:
0x059E	0x37FFF5  	BRA	L_Lcd_Out17
L_Lcd_Out12:
;__Lib_Lcd.c,199 :: 		
0x05A0	0x558061  	SUB	W11, #1, W0
0x05A2	0x450000  	ADD	W10, W0, W0
0x05A4	0x780500  	MOV	W0, W10
;__Lib_Lcd.c,201 :: 		
0x05A6	0x784500  	MOV.B	W0, W10
0x05A8	0x070012  	RCALL	_Lcd_Cmd
;__Lib_Lcd.c,202 :: 		
0x05AA	0x208000  	MOV	#lo_addr(__Lib_Lcd_cmd_status), W0
0x05AC	0xA10010  	BCLR	[W0], BitPos(__Lib_Lcd_cmd_status+0)
;__Lib_Lcd.c,203 :: 		
; i start address is: 4 (W2)
0x05AE	0xEF2004  	CLR	W2
; i end address is: 4 (W2)
;__Lib_Lcd.c,204 :: 		
L_Lcd_Out18:
; i start address is: 4 (W2)
0x05B0	0x460002  	ADD	W12, W2, W0
0x05B2	0xE00410  	CP0.B	[W0]
0x05B4	0x320007  	BRA Z	L_Lcd_Out19
L__Lcd_Out36:
;__Lib_Lcd.c,205 :: 		
0x05B6	0x460002  	ADD	W12, W2, W0
0x05B8	0x781F8A  	PUSH	W10
0x05BA	0x784510  	MOV.B	[W0], W10
0x05BC	0x07FF21  	RCALL	_Lcd_Chr_CP
0x05BE	0x78054F  	POP	W10
0x05C0	0xEC2004  	INC	W2
; i end address is: 4 (W2)
0x05C2	0x37FFF6  	BRA	L_Lcd_Out18
L_Lcd_Out19:
;__Lib_Lcd.c,206 :: 		
0x05C4	0x208000  	MOV	#lo_addr(__Lib_Lcd_cmd_status), W0
0x05C6	0xA00010  	BSET	[W0], BitPos(__Lib_Lcd_cmd_status+0)
;__Lib_Lcd.c,207 :: 		
L_end_Lcd_Out:
0x05C8	0x78054F  	POP	W10
0x05CA	0xFA8000  	ULNK
0x05CC	0x060000  	RETURN
; end of _Lcd_Out
_Lcd_Chr_CP:
0x0400	0xFA0000  	LNK	#0
;__Lib_Lcd.c,67 :: 		
;__Lib_Lcd.c,69 :: 		
0x0402	0x208000  	MOV	#lo_addr(__Lib_Lcd_cmd_status), W0
0x0404	0xA10010  	BCLR	[W0], BitPos(__Lib_Lcd_cmd_status+0)
;__Lib_Lcd.c,70 :: 		
0x0406	0x0700E3  	RCALL	_Lcd_Cmd
;__Lib_Lcd.c,71 :: 		
0x0408	0x208000  	MOV	#lo_addr(__Lib_Lcd_cmd_status), W0
0x040A	0xA00010  	BSET	[W0], BitPos(__Lib_Lcd_cmd_status+0)
;__Lib_Lcd.c,72 :: 		
L_end_Lcd_Chr_CP:
0x040C	0xFA8000  	ULNK
0x040E	0x060000  	RETURN
; end of _Lcd_Chr_CP
0x08A0	0x20800A  	MOV	#2048, W10
0x08A2	0x20000B  	MOV	#0, W11
0x08A4	0x09000B  	REPEAT	#11
0x08A6	0x781D0B  	MOV	W11, [W10++]
0x08A8	0x060000  	RETURN
Symbol List:
//** Routines locations **
//ADDRESS    SIZE    PROCEDURE
//----------------------------------------------
0x0100     [300]    __Lib_CAN_1_CAN1IDToRegs
0x022C       [6]    _Delay_1us
0x0232      [40]    _CAN1SetMask
0x025A     [154]    _CAN1SetBaudRate
0x02F4      [78]    _CAN1SetOperationMode
0x0342     [110]    _CAN1SetFilter
0x03B0      [80]    __Lib_CAN_1_RegsToCAN1ID
0x0400      [16]    _Lcd_Chr_CP
0x0410      [10]    _Delay_5500us
0x041A      [14]    __Lib_Lcd_Strobe
0x0428      [12]    _Delay_8ms
0x0434      [12]    _Delay_50us
0x0440     [202]    _CAN1Read
0x050A     [106]    _Lcd_Init
0x0574      [90]    _Lcd_Out
0x05CE     [108]    _Lcd_Cmd
0x063A     [224]    _CAN1Initialize
0x071A     [158]    _CAN1Write
0x07B8     [232]    _main
//** Variables locations ** 
//ADDRESS    SIZE    VARIABLE
//----------------------------------------------
0x0360       [2]    C1TX0SID
0x036E       [1]    C1TX0CONbits
0x0328       [2]    C1RXF5SID
0x036E       [2]    C1TX0CON
0x035E       [2]    C1TX1CON
0x0350       [2]    C1TX1SID
0x035E       [1]    C1TX1CONbits
0x0320       [2]    C1RXF4SID
0x037E       [2]    C1RX1CON
0x0370       [2]    C1RX1SID
0x037E       [1]    C1RX1CONbits
0x0300       [2]    C1RXF0SID
0x0318       [2]    C1RXF3SID
0x0310       [2]    C1RXF2SID
0x0308       [2]    C1RXF1SID
0x034E       [1]    C1TX2CONbits
0x02D6       [0]    LCD_RS
0x02D6       [0]    LCD_EN
0x02C6       [0]    LCD_D7_Direction
0x02CA       [0]    LCD_D7
0x02CA       [0]    LCD_D4
0x02CA       [0]    LCD_D5
0x02CA       [0]    LCD_D6
0x02C6       [0]    LCD_D6_Direction
0x0800       [0]    __Lib_Lcd_cmd_status
0x034E       [2]    C1TX2CON
0x0340       [2]    C1TX2SID
0x02D2       [0]    LCD_EN_Direction
0x02C6       [0]    LCD_D5_Direction
0x02C6       [0]    LCD_D4_Direction
0x02D2       [0]    LCD_RS_Direction
0x02C6       [0]    TRISB2_bit
0x02C6       [0]    TRISB1_bit
0x02C6       [0]    TRISB0_bit
0x02C6       [0]    TRISB3_bit
0x02C6       [2]    TRISB
0x02C8       [2]    PORTB
0x02A8       [2]    ADPCFG
0x02D2       [0]    TRISD0_bit
0x02CA       [0]    LATB2_bit
0x02CA       [0]    LATB3_bit
0x02D6       [0]    LATD1_bit
0x02CA       [0]    LATB1_bit
0x02D2       [0]    TRISD1_bit
0x02D6       [0]    LATD0_bit
0x02CA       [0]    LATB0_bit
0x0802       [2]    _Can_Init_Flags
0x0394       [2]    C1CFG2bits
0x0392       [1]    C1CFG1bits
0x0390       [2]    C1CTRLbits
0x038E       [1]    C1RX0CONbits
0x038E       [2]    C1RX0CON
0x0396       [2]    C1INTFbits
0x0380       [2]    C1RX0SID
0x0338       [2]    C1RXM1SID
0x0804       [8]    _RxTx_Data
0x080C       [2]    _Can_Rcv_Flags
0x080E       [2]    _Can_Send_Flags
0x0810       [1]    _Msg_Rcvd
0x0330       [2]    C1RXM0SID
0x0812       [2]    _Rx_Data_Len
0x0814       [4]    _Rx_ID
0x0014       [2]    FARG___Lib_CAN_1_CAN1IDToRegs_ptr
0x0016       [4]    FARG___Lib_CAN_1_CAN1IDToRegs_val
0x001A       [2]    FARG___Lib_CAN_1_CAN1IDToRegs_RegType
0x0014       [2]    FARG_CAN1SetMask_CAN_MASK
0x0016       [4]    FARG_CAN1SetMask_val
0x001A       [2]    FARG_CAN1SetMask_CAN_CONFIG_FLAGS
0x0014       [2]    FARG_CAN1SetBaudRate_SJW
0x0016       [2]    FARG_CAN1SetBaudRate_BRP
0x0018       [2]    FARG_CAN1SetBaudRate_PHSEG1
0x001A       [2]    FARG_CAN1SetBaudRate_PHSEG2
0x02A8       [2]    ADPCFG
0x02C6       [2]    TRISB
0x02C8       [2]    PORTB
0x0014       [2]    FARG_CAN1SetOperationMode_mode
0x0016       [2]    FARG_CAN1SetOperationMode_WAIT
0x0300       [2]    C1RXF0SID
0x0308       [2]    C1RXF1SID
0x0310       [2]    C1RXF2SID
0x0318       [2]    C1RXF3SID
0x0320       [2]    C1RXF4SID
0x0328       [2]    C1RXF5SID
0x0330       [2]    C1RXM0SID
0x0338       [2]    C1RXM1SID
0x0340       [2]    C1TX2SID
0x0014       [2]    FARG_CAN1SetFilter_CAN_FILTER
0x0016       [4]    FARG_CAN1SetFilter_val
0x001A       [2]    FARG_CAN1SetFilter_CAN_CONFIG_FLAGS
0x034E       [2]    C1TX2CON
0x0350       [2]    C1TX1SID
0x035E       [2]    C1TX1CON
0x0360       [2]    C1TX0SID
0x036E       [2]    C1TX0CON
0x0370       [2]    C1RX1SID
0x037E       [2]    C1RX1CON
0x0380       [2]    C1RX0SID
0x038E       [2]    C1RX0CON
0x0014       [2]    FARG___Lib_CAN_1_RegsToCAN1ID_ptr
0x0016       [2]    FARG___Lib_CAN_1_RegsToCAN1ID_CAN_CONFIG_FLAGS
0x0014       [1]    FARG_Lcd_Chr_CP_out_char
0x0014       [2]    FARG_CAN1Read_id
0x0016       [2]    FARG_CAN1Read_data_
0x0018       [2]    FARG_CAN1Read_dataLen
0x001A       [2]    FARG_CAN1Read_CAN_RX_MSG_FLAGS
0x0014       [2]    FARG_Lcd_Out_row
0x0016       [2]    FARG_Lcd_Out_column
0x0018       [2]    FARG_Lcd_Out_text
0x0014       [1]    FARG_Lcd_Cmd_out_char
0x0014       [2]    FARG_CAN1Initialize_SJW
0x0016       [2]    FARG_CAN1Initialize_BRP
0x0018       [2]    FARG_CAN1Initialize_PHSEG1
0x001A       [2]    FARG_CAN1Initialize_PHSEG2
0x0014       [4]    FARG_CAN1Write_id
0x0018       [2]    FARG_CAN1Write_Data_
0x001A       [2]    FARG_CAN1Write_DataLen
